This file contains any messages produced by compilers while
running configure, to aid debugging if configure makes a mistake.

It was created by configure, which was
generated by GNU Autoconf 2.59.  Invocation command line was

  $ ./configure --host=mips-linux --with-kernel-support --with-gcc=/opt/toolchains/uclibc-crosstools/mips-linux-uclibc

## --------- ##
## Platform. ##
## --------- ##

hostname = dhcp-2-138-158.broadcom.com
uname -m = i686
uname -r = 2.6.3-7mdksmp
uname -s = Linux
uname -v = #1 SMP Wed Mar 17 14:24:28 CET 2004

/usr/bin/uname -p = unknown
/bin/uname -X     = unknown

/bin/arch              = i686
/usr/bin/arch -k       = unknown
/usr/convex/getsysinfo = unknown
hostinfo               = unknown
/bin/machine           = unknown
/usr/bin/oslevel       = unknown
/bin/universe          = unknown

PATH: /usr/bin
PATH: /bin


## ----------- ##
## Core tests. ##
## ----------- ##

configure:1376: checking for a BSD-compatible install
configure:1431: result: /usr/bin/install -c
configure:1442: checking whether build environment is sane
configure:1485: result: yes
configure:1550: checking for gawk
configure:1566: found /usr/bin/gawk
configure:1576: result: gawk
configure:1586: checking whether make sets $(MAKE)
configure:1606: result: yes
configure:1682: checking for mips-linux-strip
configure:1711: result: no
configure:1720: checking for strip
configure:1736: found /usr/bin/strip
configure:1747: result: strip
configure:1780: checking for mips-linux-ranlib
configure:1809: result: no
configure:1818: checking for ranlib
configure:1837: found /usr/bin/ranlib
configure:1848: result: /opt/toolchains/uclibc-crosstools/mips-linux-uclibc/bin/ranlib
configure:1910: checking for mips-linux-gcc
configure:1936: result: /opt/toolchains/uclibc-crosstools/mips-linux-uclibc/bin/gcc
configure:2218: checking for C compiler version
configure:2221: /opt/toolchains/uclibc-crosstools/mips-linux-uclibc/bin/gcc --version </dev/null >&5
gcc (GCC) 3.4.2
Copyright (C) 2004 Free Software Foundation, Inc.
This is free software; see the source for copying conditions.  There is NO
warranty; not even for MERCHANTABILITY or FITNESS FOR A PARTICULAR PURPOSE.

configure:2224: $? = 0
configure:2226: /opt/toolchains/uclibc-crosstools/mips-linux-uclibc/bin/gcc -v </dev/null >&5
Reading specs from /opt/toolchains/uclibc-crosstools_gcc-3.4.2_uclibc-20050502//lib/gcc/mips-linux-uclibc/3.4.2/specs
Configured with: ../gcc-3.4.2/configure --prefix=/opt/toolchains/uclibc-crosstools_gcc-3.4.2_uclibc-20050502/ --target=mips-linux-uclibc --build=mips-linux --host=mips-linux --enable-target-optspace --disable-nls --with-gnu-ld --enable-shared --enable-languages=c,c++ --enable-threads --infodir=/opt/toolchains/uclibc-crosstools_gcc-3.4.2_uclibc-20050502/info --mandir=/opt/toolchains/uclibc-crosstools_gcc-3.4.2_uclibc-20050502/man --disable-__cxa_atexit --disable-checking --with-arch=mips32
Thread model: posix
gcc version 3.4.2
configure:2229: $? = 0
configure:2231: /opt/toolchains/uclibc-crosstools/mips-linux-uclibc/bin/gcc -V </dev/null >&5
gcc: `-V' option must have argument
configure:2234: $? = 1
configure:2257: checking for C compiler default output file name
configure:2260: /opt/toolchains/uclibc-crosstools/mips-linux-uclibc/bin/gcc    -L /opt/toolchains/uclibc-crosstools/mips-linux-uclibc/lib -Xlinker -R -Xlinker /opt/toolchains/uclibc-crosstools/mips-linux-uclibc/lib conftest.c  >&5
configure:2263: $? = 0
configure:2309: result: a.out
configure:2314: checking whether the C compiler works
configure:2320: ./a.out
./configure: line 1: ./a.out: cannot execute binary file
configure:2323: $? = 126
configure:2340: result: yes
configure:2347: checking whether we are cross compiling
configure:2349: result: yes
configure:2352: checking for suffix of executables
configure:2354: /opt/toolchains/uclibc-crosstools/mips-linux-uclibc/bin/gcc -o conftest    -L /opt/toolchains/uclibc-crosstools/mips-linux-uclibc/lib -Xlinker -R -Xlinker /opt/toolchains/uclibc-crosstools/mips-linux-uclibc/lib conftest.c  >&5
configure:2357: $? = 0
configure:2382: result: 
configure:2388: checking for suffix of object files
configure:2409: /opt/toolchains/uclibc-crosstools/mips-linux-uclibc/bin/gcc -c   conftest.c >&5
configure:2412: $? = 0
configure:2434: result: o
configure:2438: checking whether we are using the GNU C compiler
configure:2462: /opt/toolchains/uclibc-crosstools/mips-linux-uclibc/bin/gcc -c   conftest.c >&5
configure:2468: $? = 0
configure:2472: test -z 
			 || test ! -s conftest.err
configure:2475: $? = 0
configure:2478: test -s conftest.o
configure:2481: $? = 0
configure:2494: result: yes
configure:2500: checking whether /opt/toolchains/uclibc-crosstools/mips-linux-uclibc/bin/gcc accepts -g
configure:2521: /opt/toolchains/uclibc-crosstools/mips-linux-uclibc/bin/gcc -c -g  conftest.c >&5
configure:2527: $? = 0
configure:2531: test -z 
			 || test ! -s conftest.err
configure:2534: $? = 0
configure:2537: test -s conftest.o
configure:2540: $? = 0
configure:2551: result: yes
configure:2568: checking for /opt/toolchains/uclibc-crosstools/mips-linux-uclibc/bin/gcc option to accept ANSI C
configure:2638: /opt/toolchains/uclibc-crosstools/mips-linux-uclibc/bin/gcc  -c -g -O2  conftest.c >&5
configure:2644: $? = 0
configure:2648: test -z 
			 || test ! -s conftest.err
configure:2651: $? = 0
configure:2654: test -s conftest.o
configure:2657: $? = 0
configure:2675: result: none needed
configure:2693: /opt/toolchains/uclibc-crosstools/mips-linux-uclibc/bin/gcc -c -g -O2  conftest.c >&5
conftest.c:2: error: parse error before "me"
configure:2699: $? = 1
configure: failed program was:
| #ifndef __cplusplus
|   choke me
| #endif
configure:2843: checking for style of include used by make
configure:2871: result: GNU
configure:2899: checking dependency style of /opt/toolchains/uclibc-crosstools/mips-linux-uclibc/bin/gcc
configure:2989: result: gcc3
configure:3011: checking how to run the C preprocessor
configure:3046: /opt/toolchains/uclibc-crosstools/mips-linux-uclibc/bin/gcc -E  conftest.c
configure:3052: $? = 0
configure:3084: /opt/toolchains/uclibc-crosstools/mips-linux-uclibc/bin/gcc -E  conftest.c
conftest.c:11:28: ac_nonexistent.h: No such file or directory
configure:3090: $? = 1
configure: failed program was:
| /* confdefs.h.  */
| 
| #define PACKAGE_NAME ""
| #define PACKAGE_TARNAME ""
| #define PACKAGE_VERSION ""
| #define PACKAGE_STRING ""
| #define PACKAGE_BUGREPORT ""
| #define PACKAGE "oprofile"
| #define VERSION "0.9.1"
| /* end confdefs.h.  */
| #include <ac_nonexistent.h>
configure:3129: result: /opt/toolchains/uclibc-crosstools/mips-linux-uclibc/bin/gcc -E
configure:3153: /opt/toolchains/uclibc-crosstools/mips-linux-uclibc/bin/gcc -E  conftest.c
configure:3159: $? = 0
configure:3191: /opt/toolchains/uclibc-crosstools/mips-linux-uclibc/bin/gcc -E  conftest.c
conftest.c:11:28: ac_nonexistent.h: No such file or directory
configure:3197: $? = 1
configure: failed program was:
| /* confdefs.h.  */
| 
| #define PACKAGE_NAME ""
| #define PACKAGE_TARNAME ""
| #define PACKAGE_VERSION ""
| #define PACKAGE_STRING ""
| #define PACKAGE_BUGREPORT ""
| #define PACKAGE "oprofile"
| #define VERSION "0.9.1"
| /* end confdefs.h.  */
| #include <ac_nonexistent.h>
configure:3250: checking for mips-linux-g++
configure:3276: result: /opt/toolchains/uclibc-crosstools/mips-linux-uclibc/bin/g++
configure:3334: checking for C++ compiler version
configure:3337: /opt/toolchains/uclibc-crosstools/mips-linux-uclibc/bin/g++ --version </dev/null >&5
g++ (GCC) 3.4.2
Copyright (C) 2004 Free Software Foundation, Inc.
This is free software; see the source for copying conditions.  There is NO
warranty; not even for MERCHANTABILITY or FITNESS FOR A PARTICULAR PURPOSE.

configure:3340: $? = 0
configure:3342: /opt/toolchains/uclibc-crosstools/mips-linux-uclibc/bin/g++ -v </dev/null >&5
Reading specs from /opt/toolchains/uclibc-crosstools_gcc-3.4.2_uclibc-20050502//lib/gcc/mips-linux-uclibc/3.4.2/specs
Configured with: ../gcc-3.4.2/configure --prefix=/opt/toolchains/uclibc-crosstools_gcc-3.4.2_uclibc-20050502/ --target=mips-linux-uclibc --build=mips-linux --host=mips-linux --enable-target-optspace --disable-nls --with-gnu-ld --enable-shared --enable-languages=c,c++ --enable-threads --infodir=/opt/toolchains/uclibc-crosstools_gcc-3.4.2_uclibc-20050502/info --mandir=/opt/toolchains/uclibc-crosstools_gcc-3.4.2_uclibc-20050502/man --disable-__cxa_atexit --disable-checking --with-arch=mips32
Thread model: posix
gcc version 3.4.2
configure:3345: $? = 0
configure:3347: /opt/toolchains/uclibc-crosstools/mips-linux-uclibc/bin/g++ -V </dev/null >&5
g++: `-V' option must have argument
configure:3350: $? = 1
configure:3353: checking whether we are using the GNU C++ compiler
configure:3377: /opt/toolchains/uclibc-crosstools/mips-linux-uclibc/bin/g++ -c   conftest.cc >&5
configure:3383: $? = 0
configure:3387: test -z 
			 || test ! -s conftest.err
configure:3390: $? = 0
configure:3393: test -s conftest.o
configure:3396: $? = 0
configure:3409: result: yes
configure:3415: checking whether /opt/toolchains/uclibc-crosstools/mips-linux-uclibc/bin/g++ accepts -g
configure:3436: /opt/toolchains/uclibc-crosstools/mips-linux-uclibc/bin/g++ -c -g  conftest.cc >&5
configure:3442: $? = 0
configure:3446: test -z 
			 || test ! -s conftest.err
configure:3449: $? = 0
configure:3452: test -s conftest.o
configure:3455: $? = 0
configure:3466: result: yes
configure:3508: /opt/toolchains/uclibc-crosstools/mips-linux-uclibc/bin/g++ -c -g -O2  conftest.cc >&5
configure:3514: $? = 0
configure:3518: test -z 
			 || test ! -s conftest.err
configure:3521: $? = 0
configure:3524: test -s conftest.o
configure:3527: $? = 0
configure:3553: /opt/toolchains/uclibc-crosstools/mips-linux-uclibc/bin/g++ -c -g -O2  conftest.cc >&5
conftest.cc: In function `int main()':
conftest.cc:15: error: `exit' undeclared (first use this function)
conftest.cc:15: error: (Each undeclared identifier is reported only once for each function it appears in.)
configure:3559: $? = 1
configure: failed program was:
| /* confdefs.h.  */
| 
| #define PACKAGE_NAME ""
| #define PACKAGE_TARNAME ""
| #define PACKAGE_VERSION ""
| #define PACKAGE_STRING ""
| #define PACKAGE_BUGREPORT ""
| #define PACKAGE "oprofile"
| #define VERSION "0.9.1"
| /* end confdefs.h.  */
| 
| int
| main ()
| {
| exit (42);
|   ;
|   return 0;
| }
configure:3508: /opt/toolchains/uclibc-crosstools/mips-linux-uclibc/bin/g++ -c -g -O2  conftest.cc >&5
configure:3514: $? = 0
configure:3518: test -z 
			 || test ! -s conftest.err
configure:3521: $? = 0
configure:3524: test -s conftest.o
configure:3527: $? = 0
configure:3553: /opt/toolchains/uclibc-crosstools/mips-linux-uclibc/bin/g++ -c -g -O2  conftest.cc >&5
configure:3559: $? = 0
configure:3563: test -z 
			 || test ! -s conftest.err
configure:3566: $? = 0
configure:3569: test -s conftest.o
configure:3572: $? = 0
configure:3597: checking dependency style of /opt/toolchains/uclibc-crosstools/mips-linux-uclibc/bin/g++
configure:3687: result: gcc3
configure:3706: checking for ld
configure:3722: found /usr/bin/ld
configure:3732: result: ld
configure:3745: checking for kernel OProfile support
configure:3879: result: yes
configure:4339: checking whether malloc attribute is understood
configure:4361: /opt/toolchains/uclibc-crosstools/mips-linux-uclibc/bin/gcc -c -Werror -g -O2  conftest.c >&5
configure:4367: $? = 0
configure:4371: test -z 
			 || test ! -s conftest.err
configure:4374: $? = 0
configure:4377: test -s conftest.o
configure:4380: $? = 0
configure:4382: result: yes
configure:4400: checking whether __builtin_expect is understood
configure:4423: /opt/toolchains/uclibc-crosstools/mips-linux-uclibc/bin/gcc -o conftest -Werror -g -O2   -L /opt/toolchains/uclibc-crosstools/mips-linux-uclibc/lib -Xlinker -R -Xlinker /opt/toolchains/uclibc-crosstools/mips-linux-uclibc/lib conftest.c  >&5
configure:4429: $? = 0
configure:4433: test -z 
			 || test ! -s conftest.err
configure:4436: $? = 0
configure:4439: test -s conftest
configure:4442: $? = 0
configure:4444: result: yes
configure:4514: checking for sched_setaffinity
configure:4571: /opt/toolchains/uclibc-crosstools/mips-linux-uclibc/bin/gcc -o conftest -g -O2   -L /opt/toolchains/uclibc-crosstools/mips-linux-uclibc/lib -Xlinker -R -Xlinker /opt/toolchains/uclibc-crosstools/mips-linux-uclibc/lib conftest.c  >&5
/home/xiwang/tmp/ccK5CphR.o(.text+0x10): In function `main':
/home/xiwang/ccase/xiwang_dev30_1/CommEngine/userapps/opensource/oprofile/conftest.c:55: undefined reference to `sched_setaffinity'
/home/xiwang/tmp/ccK5CphR.o(.data.rel+0x0): undefined reference to `sched_setaffinity'
collect2: ld returned 1 exit status
configure:4577: $? = 1
configure: failed program was:
| /* confdefs.h.  */
| 
| #define PACKAGE_NAME ""
| #define PACKAGE_TARNAME ""
| #define PACKAGE_VERSION ""
| #define PACKAGE_STRING ""
| #define PACKAGE_BUGREPORT ""
| #define PACKAGE "oprofile"
| #define VERSION "0.9.1"
| #ifdef __cplusplus
| extern "C" void std::exit (int) throw (); using std::exit;
| #endif
| #define MALLOC_ATTRIBUTE_OK 1
| /* end confdefs.h.  */
| /* Define sched_setaffinity to an innocuous variant, in case <limits.h> declares sched_setaffinity.
|    For example, HP-UX 11i <limits.h> declares gettimeofday.  */
| #define sched_setaffinity innocuous_sched_setaffinity
| 
| /* System header to define __stub macros and hopefully few prototypes,
|     which can conflict with char sched_setaffinity (); below.
|     Prefer <limits.h> to <assert.h> if __STDC__ is defined, since
|     <limits.h> exists even on freestanding compilers.  */
| 
| #ifdef __STDC__
| # include <limits.h>
| #else
| # include <assert.h>
| #endif
| 
| #undef sched_setaffinity
| 
| /* Override any gcc2 internal prototype to avoid an error.  */
| #ifdef __cplusplus
| extern "C"
| {
| #endif
| /* We use char because int might match the return type of a gcc2
|    builtin and then its argument prototype would still apply.  */
| char sched_setaffinity ();
| /* The GNU C library defines this for functions which it implements
|     to always fail with ENOSYS.  Some functions are actually named
|     something starting with __ and the normal name is an alias.  */
| #if defined (__stub_sched_setaffinity) || defined (__stub___sched_setaffinity)
| choke me
| #else
| char (*f) () = sched_setaffinity;
| #endif
| #ifdef __cplusplus
| }
| #endif
| 
| int
| main ()
| {
| return f != sched_setaffinity;
|   ;
|   return 0;
| }
configure:4602: result: no
configure:4514: checking for perfmonctl
configure:4571: /opt/toolchains/uclibc-crosstools/mips-linux-uclibc/bin/gcc -o conftest -g -O2   -L /opt/toolchains/uclibc-crosstools/mips-linux-uclibc/lib -Xlinker -R -Xlinker /opt/toolchains/uclibc-crosstools/mips-linux-uclibc/lib conftest.c  >&5
/home/xiwang/tmp/cckeY6B4.o(.text+0x10): In function `main':
/home/xiwang/ccase/xiwang_dev30_1/CommEngine/userapps/opensource/oprofile/conftest.c:55: undefined reference to `perfmonctl'
/home/xiwang/tmp/cckeY6B4.o(.data.rel+0x0): undefined reference to `perfmonctl'
collect2: ld returned 1 exit status
configure:4577: $? = 1
configure: failed program was:
| /* confdefs.h.  */
| 
| #define PACKAGE_NAME ""
| #define PACKAGE_TARNAME ""
| #define PACKAGE_VERSION ""
| #define PACKAGE_STRING ""
| #define PACKAGE_BUGREPORT ""
| #define PACKAGE "oprofile"
| #define VERSION "0.9.1"
| #ifdef __cplusplus
| extern "C" void std::exit (int) throw (); using std::exit;
| #endif
| #define MALLOC_ATTRIBUTE_OK 1
| /* end confdefs.h.  */
| /* Define perfmonctl to an innocuous variant, in case <limits.h> declares perfmonctl.
|    For example, HP-UX 11i <limits.h> declares gettimeofday.  */
| #define perfmonctl innocuous_perfmonctl
| 
| /* System header to define __stub macros and hopefully few prototypes,
|     which can conflict with char perfmonctl (); below.
|     Prefer <limits.h> to <assert.h> if __STDC__ is defined, since
|     <limits.h> exists even on freestanding compilers.  */
| 
| #ifdef __STDC__
| # include <limits.h>
| #else
| # include <assert.h>
| #endif
| 
| #undef perfmonctl
| 
| /* Override any gcc2 internal prototype to avoid an error.  */
| #ifdef __cplusplus
| extern "C"
| {
| #endif
| /* We use char because int might match the return type of a gcc2
|    builtin and then its argument prototype would still apply.  */
| char perfmonctl ();
| /* The GNU C library defines this for functions which it implements
|     to always fail with ENOSYS.  Some functions are actually named
|     something starting with __ and the normal name is an alias.  */
| #if defined (__stub_perfmonctl) || defined (__stub___perfmonctl)
| choke me
| #else
| char (*f) () = perfmonctl;
| #endif
| #ifdef __cplusplus
| }
| #endif
| 
| int
| main ()
| {
| return f != perfmonctl;
|   ;
|   return 0;
| }
configure:4602: result: no
configure:4614: checking for poptGetContext in -lpopt
configure:4644: /opt/toolchains/uclibc-crosstools/mips-linux-uclibc/bin/gcc -o conftest -g -O2   -L /opt/toolchains/uclibc-crosstools/mips-linux-uclibc/lib -Xlinker -R -Xlinker /opt/toolchains/uclibc-crosstools/mips-linux-uclibc/lib conftest.c -lpopt   >&5
/opt/toolchains/uclibc-crosstools_gcc-3.4.2_uclibc-20050502//lib/gcc/mips-linux-uclibc/3.4.2/../../../../mips-linux-uclibc/bin/ld: cannot find -lpopt
collect2: ld returned 1 exit status
configure:4650: $? = 1
configure: failed program was:
| /* confdefs.h.  */
| 
| #define PACKAGE_NAME ""
| #define PACKAGE_TARNAME ""
| #define PACKAGE_VERSION ""
| #define PACKAGE_STRING ""
| #define PACKAGE_BUGREPORT ""
| #define PACKAGE "oprofile"
| #define VERSION "0.9.1"
| #ifdef __cplusplus
| extern "C" void std::exit (int) throw (); using std::exit;
| #endif
| #define MALLOC_ATTRIBUTE_OK 1
| /* end confdefs.h.  */
| 
| /* Override any gcc2 internal prototype to avoid an error.  */
| #ifdef __cplusplus
| extern "C"
| #endif
| /* We use char because int might match the return type of a gcc2
|    builtin and then its argument prototype would still apply.  */
| char poptGetContext ();
| int
| main ()
| {
| poptGetContext ();
|   ;
|   return 0;
| }
configure:4676: result: no
configure:4695: checking for egrep
configure:4705: result: grep -E
configure:4710: checking for ANSI C header files
configure:4735: /opt/toolchains/uclibc-crosstools/mips-linux-uclibc/bin/gcc -c -g -O2  conftest.c >&5
configure:4741: $? = 0
configure:4745: test -z 
			 || test ! -s conftest.err
configure:4748: $? = 0
configure:4751: test -s conftest.o
configure:4754: $? = 0
configure:4863: result: yes
configure:4887: checking for sys/types.h
configure:4903: /opt/toolchains/uclibc-crosstools/mips-linux-uclibc/bin/gcc -c -g -O2  conftest.c >&5
configure:4909: $? = 0
configure:4913: test -z 
			 || test ! -s conftest.err
configure:4916: $? = 0
configure:4919: test -s conftest.o
configure:4922: $? = 0
configure:4933: result: yes
configure:4887: checking for sys/stat.h
configure:4903: /opt/toolchains/uclibc-crosstools/mips-linux-uclibc/bin/gcc -c -g -O2  conftest.c >&5
configure:4909: $? = 0
configure:4913: test -z 
			 || test ! -s conftest.err
configure:4916: $? = 0
configure:4919: test -s conftest.o
configure:4922: $? = 0
configure:4933: result: yes
configure:4887: checking for stdlib.h
configure:4903: /opt/toolchains/uclibc-crosstools/mips-linux-uclibc/bin/gcc -c -g -O2  conftest.c >&5
configure:4909: $? = 0
configure:4913: test -z 
			 || test ! -s conftest.err
configure:4916: $? = 0
configure:4919: test -s conftest.o
configure:4922: $? = 0
configure:4933: result: yes
configure:4887: checking for string.h
configure:4903: /opt/toolchains/uclibc-crosstools/mips-linux-uclibc/bin/gcc -c -g -O2  conftest.c >&5
configure:4909: $? = 0
configure:4913: test -z 
			 || test ! -s conftest.err
configure:4916: $? = 0
configure:4919: test -s conftest.o
configure:4922: $? = 0
configure:4933: result: yes
configure:4887: checking for memory.h
configure:4903: /opt/toolchains/uclibc-crosstools/mips-linux-uclibc/bin/gcc -c -g -O2  conftest.c >&5
configure:4909: $? = 0
configure:4913: test -z 
			 || test ! -s conftest.err
configure:4916: $? = 0
configure:4919: test -s conftest.o
configure:4922: $? = 0
configure:4933: result: yes
configure:4887: checking for strings.h
configure:4903: /opt/toolchains/uclibc-crosstools/mips-linux-uclibc/bin/gcc -c -g -O2  conftest.c >&5
configure:4909: $? = 0
configure:4913: test -z 
			 || test ! -s conftest.err
configure:4916: $? = 0
configure:4919: test -s conftest.o
configure:4922: $? = 0
configure:4933: result: yes
configure:4887: checking for inttypes.h
configure:4903: /opt/toolchains/uclibc-crosstools/mips-linux-uclibc/bin/gcc -c -g -O2  conftest.c >&5
configure:4909: $? = 0
configure:4913: test -z 
			 || test ! -s conftest.err
configure:4916: $? = 0
configure:4919: test -s conftest.o
configure:4922: $? = 0
configure:4933: result: yes
configure:4887: checking for stdint.h
configure:4903: /opt/toolchains/uclibc-crosstools/mips-linux-uclibc/bin/gcc -c -g -O2  conftest.c >&5
configure:4909: $? = 0
configure:4913: test -z 
			 || test ! -s conftest.err
configure:4916: $? = 0
configure:4919: test -s conftest.o
configure:4922: $? = 0
configure:4933: result: yes
configure:4887: checking for unistd.h
configure:4903: /opt/toolchains/uclibc-crosstools/mips-linux-uclibc/bin/gcc -c -g -O2  conftest.c >&5
configure:4909: $? = 0
configure:4913: test -z 
			 || test ! -s conftest.err
configure:4916: $? = 0
configure:4919: test -s conftest.o
configure:4922: $? = 0
configure:4933: result: yes
configure:4960: checking libiberty.h usability
configure:4972: /opt/toolchains/uclibc-crosstools/mips-linux-uclibc/bin/gcc -c -g -O2  conftest.c >&5
conftest.c:60:23: libiberty.h: No such file or directory
configure:4978: $? = 1
configure: failed program was:
| /* confdefs.h.  */
| 
| #define PACKAGE_NAME ""
| #define PACKAGE_TARNAME ""
| #define PACKAGE_VERSION ""
| #define PACKAGE_STRING ""
| #define PACKAGE_BUGREPORT ""
| #define PACKAGE "oprofile"
| #define VERSION "0.9.1"
| #ifdef __cplusplus
| extern "C" void std::exit (int) throw (); using std::exit;
| #endif
| #define MALLOC_ATTRIBUTE_OK 1
| #define HAVE_LIBPOPT 1
| #define STDC_HEADERS 1
| #define HAVE_SYS_TYPES_H 1
| #define HAVE_SYS_STAT_H 1
| #define HAVE_STDLIB_H 1
| #define HAVE_STRING_H 1
| #define HAVE_MEMORY_H 1
| #define HAVE_STRINGS_H 1
| #define HAVE_INTTYPES_H 1
| #define HAVE_STDINT_H 1
| #define HAVE_UNISTD_H 1
| /* end confdefs.h.  */
| #include <stdio.h>
| #if HAVE_SYS_TYPES_H
| # include <sys/types.h>
| #endif
| #if HAVE_SYS_STAT_H
| # include <sys/stat.h>
| #endif
| #if STDC_HEADERS
| # include <stdlib.h>
| # include <stddef.h>
| #else
| # if HAVE_STDLIB_H
| #  include <stdlib.h>
| # endif
| #endif
| #if HAVE_STRING_H
| # if !STDC_HEADERS && HAVE_MEMORY_H
| #  include <memory.h>
| # endif
| # include <string.h>
| #endif
| #if HAVE_STRINGS_H
| # include <strings.h>
| #endif
| #if HAVE_INTTYPES_H
| # include <inttypes.h>
| #else
| # if HAVE_STDINT_H
| #  include <stdint.h>
| # endif
| #endif
| #if HAVE_UNISTD_H
| # include <unistd.h>
| #endif
| #include <libiberty.h>
configure:5001: result: no
configure:5005: checking libiberty.h presence
configure:5015: /opt/toolchains/uclibc-crosstools/mips-linux-uclibc/bin/gcc -E  conftest.c
conftest.c:26:23: libiberty.h: No such file or directory
configure:5021: $? = 1
configure: failed program was:
| /* confdefs.h.  */
| 
| #define PACKAGE_NAME ""
| #define PACKAGE_TARNAME ""
| #define PACKAGE_VERSION ""
| #define PACKAGE_STRING ""
| #define PACKAGE_BUGREPORT ""
| #define PACKAGE "oprofile"
| #define VERSION "0.9.1"
| #ifdef __cplusplus
| extern "C" void std::exit (int) throw (); using std::exit;
| #endif
| #define MALLOC_ATTRIBUTE_OK 1
| #define HAVE_LIBPOPT 1
| #define STDC_HEADERS 1
| #define HAVE_SYS_TYPES_H 1
| #define HAVE_SYS_STAT_H 1
| #define HAVE_STDLIB_H 1
| #define HAVE_STRING_H 1
| #define HAVE_MEMORY_H 1
| #define HAVE_STRINGS_H 1
| #define HAVE_INTTYPES_H 1
| #define HAVE_STDINT_H 1
| #define HAVE_UNISTD_H 1
| /* end confdefs.h.  */
| #include <libiberty.h>
configure:5041: result: no
configure:5076: checking for libiberty.h
configure:5083: result: no
configure:5097: checking for cplus_demangle in -liberty
configure:5127: /opt/toolchains/uclibc-crosstools/mips-linux-uclibc/bin/gcc -o conftest -g -O2   -L /opt/toolchains/uclibc-crosstools/mips-linux-uclibc/lib -Xlinker -R -Xlinker /opt/toolchains/uclibc-crosstools/mips-linux-uclibc/lib conftest.c -liberty  -lpopt  >&5
/opt/toolchains/uclibc-crosstools_gcc-3.4.2_uclibc-20050502//lib/gcc/mips-linux-uclibc/3.4.2/../../../../mips-linux-uclibc/bin/ld: cannot find -lpopt
collect2: ld returned 1 exit status
configure:5133: $? = 1
configure: failed program was:
| /* confdefs.h.  */
| 
| #define PACKAGE_NAME ""
| #define PACKAGE_TARNAME ""
| #define PACKAGE_VERSION ""
| #define PACKAGE_STRING ""
| #define PACKAGE_BUGREPORT ""
| #define PACKAGE "oprofile"
| #define VERSION "0.9.1"
| #ifdef __cplusplus
| extern "C" void std::exit (int) throw (); using std::exit;
| #endif
| #define MALLOC_ATTRIBUTE_OK 1
| #define HAVE_LIBPOPT 1
| #define STDC_HEADERS 1
| #define HAVE_SYS_TYPES_H 1
| #define HAVE_SYS_STAT_H 1
| #define HAVE_STDLIB_H 1
| #define HAVE_STRING_H 1
| #define HAVE_MEMORY_H 1
| #define HAVE_STRINGS_H 1
| #define HAVE_INTTYPES_H 1
| #define HAVE_STDINT_H 1
| #define HAVE_UNISTD_H 1
| /* end confdefs.h.  */
| 
| /* Override any gcc2 internal prototype to avoid an error.  */
| #ifdef __cplusplus
| extern "C"
| #endif
| /* We use char because int might match the return type of a gcc2
|    builtin and then its argument prototype would still apply.  */
| char cplus_demangle ();
| int
| main ()
| {
| cplus_demangle ();
|   ;
|   return 0;
| }
configure:5159: result: no
configure:5180: checking for xcalloc
configure:5271: result: 
configure:5285: checking for xmemdup
configure:5342: /opt/toolchains/uclibc-crosstools/mips-linux-uclibc/bin/gcc -o conftest -g -O2   -L /opt/toolchains/uclibc-crosstools/mips-linux-uclibc/lib -Xlinker -R -Xlinker /opt/toolchains/uclibc-crosstools/mips-linux-uclibc/lib conftest.c -liberty -lpopt  >&5
/opt/toolchains/uclibc-crosstools_gcc-3.4.2_uclibc-20050502//lib/gcc/mips-linux-uclibc/3.4.2/../../../../mips-linux-uclibc/bin/ld: cannot find -lpopt
collect2: ld returned 1 exit status
configure:5348: $? = 1
configure: failed program was:
| /* confdefs.h.  */
| 
| #define PACKAGE_NAME ""
| #define PACKAGE_TARNAME ""
| #define PACKAGE_VERSION ""
| #define PACKAGE_STRING ""
| #define PACKAGE_BUGREPORT ""
| #define PACKAGE "oprofile"
| #define VERSION "0.9.1"
| #ifdef __cplusplus
| extern "C" void std::exit (int) throw (); using std::exit;
| #endif
| #define MALLOC_ATTRIBUTE_OK 1
| #define HAVE_LIBPOPT 1
| #define STDC_HEADERS 1
| #define HAVE_SYS_TYPES_H 1
| #define HAVE_SYS_STAT_H 1
| #define HAVE_STDLIB_H 1
| #define HAVE_STRING_H 1
| #define HAVE_MEMORY_H 1
| #define HAVE_STRINGS_H 1
| #define HAVE_INTTYPES_H 1
| #define HAVE_STDINT_H 1
| #define HAVE_UNISTD_H 1
| #define HAVE_LIBIBERTY 1
| /* end confdefs.h.  */
| /* Define xmemdup to an innocuous variant, in case <limits.h> declares xmemdup.
|    For example, HP-UX 11i <limits.h> declares gettimeofday.  */
| #define xmemdup innocuous_xmemdup
| 
| /* System header to define __stub macros and hopefully few prototypes,
|     which can conflict with char xmemdup (); below.
|     Prefer <limits.h> to <assert.h> if __STDC__ is defined, since
|     <limits.h> exists even on freestanding compilers.  */
| 
| #ifdef __STDC__
| # include <limits.h>
| #else
| # include <assert.h>
| #endif
| 
| #undef xmemdup
| 
| /* Override any gcc2 internal prototype to avoid an error.  */
| #ifdef __cplusplus
| extern "C"
| {
| #endif
| /* We use char because int might match the return type of a gcc2
|    builtin and then its argument prototype would still apply.  */
| char xmemdup ();
| /* The GNU C library defines this for functions which it implements
|     to always fail with ENOSYS.  Some functions are actually named
|     something starting with __ and the normal name is an alias.  */
| #if defined (__stub_xmemdup) || defined (__stub___xmemdup)
| choke me
| #else
| char (*f) () = xmemdup;
| #endif
| #ifdef __cplusplus
| }
| #endif
| 
| int
| main ()
| {
| return f != xmemdup;
|   ;
|   return 0;
| }
configure:5373: result: no
configure:5383: checking for dlopen in -ldl
configure:5413: /opt/toolchains/uclibc-crosstools/mips-linux-uclibc/bin/gcc -o conftest -g -O2   -L /opt/toolchains/uclibc-crosstools/mips-linux-uclibc/lib -Xlinker -R -Xlinker /opt/toolchains/uclibc-crosstools/mips-linux-uclibc/lib conftest.c -ldl  -liberty -lpopt  >&5
/opt/toolchains/uclibc-crosstools_gcc-3.4.2_uclibc-20050502//lib/gcc/mips-linux-uclibc/3.4.2/../../../../mips-linux-uclibc/bin/ld: cannot find -lpopt
collect2: ld returned 1 exit status
configure:5419: $? = 1
configure: failed program was:
| /* confdefs.h.  */
| 
| #define PACKAGE_NAME ""
| #define PACKAGE_TARNAME ""
| #define PACKAGE_VERSION ""
| #define PACKAGE_STRING ""
| #define PACKAGE_BUGREPORT ""
| #define PACKAGE "oprofile"
| #define VERSION "0.9.1"
| #ifdef __cplusplus
| extern "C" void std::exit (int) throw (); using std::exit;
| #endif
| #define MALLOC_ATTRIBUTE_OK 1
| #define HAVE_LIBPOPT 1
| #define STDC_HEADERS 1
| #define HAVE_SYS_TYPES_H 1
| #define HAVE_SYS_STAT_H 1
| #define HAVE_STDLIB_H 1
| #define HAVE_STRING_H 1
| #define HAVE_MEMORY_H 1
| #define HAVE_STRINGS_H 1
| #define HAVE_INTTYPES_H 1
| #define HAVE_STDINT_H 1
| #define HAVE_UNISTD_H 1
| #define HAVE_LIBIBERTY 1
| /* end confdefs.h.  */
| 
| /* Override any gcc2 internal prototype to avoid an error.  */
| #ifdef __cplusplus
| extern "C"
| #endif
| /* We use char because int might match the return type of a gcc2
|    builtin and then its argument prototype would still apply.  */
| char dlopen ();
| int
| main ()
| {
| dlopen ();
|   ;
|   return 0;
| }
configure:5445: result: no
configure:5453: checking for main in -lintl
configure:5477: /opt/toolchains/uclibc-crosstools/mips-linux-uclibc/bin/gcc -o conftest -g -O2   -L /opt/toolchains/uclibc-crosstools/mips-linux-uclibc/lib -Xlinker -R -Xlinker /opt/toolchains/uclibc-crosstools/mips-linux-uclibc/lib conftest.c -lintl  -liberty -lpopt  >&5
/opt/toolchains/uclibc-crosstools_gcc-3.4.2_uclibc-20050502//lib/gcc/mips-linux-uclibc/3.4.2/../../../../mips-linux-uclibc/bin/ld: cannot find -lintl
collect2: ld returned 1 exit status
configure:5483: $? = 1
configure: failed program was:
| /* confdefs.h.  */
| 
| #define PACKAGE_NAME ""
| #define PACKAGE_TARNAME ""
| #define PACKAGE_VERSION ""
| #define PACKAGE_STRING ""
| #define PACKAGE_BUGREPORT ""
| #define PACKAGE "oprofile"
| #define VERSION "0.9.1"
| #ifdef __cplusplus
| extern "C" void std::exit (int) throw (); using std::exit;
| #endif
| #define MALLOC_ATTRIBUTE_OK 1
| #define HAVE_LIBPOPT 1
| #define STDC_HEADERS 1
| #define HAVE_SYS_TYPES_H 1
| #define HAVE_SYS_STAT_H 1
| #define HAVE_STDLIB_H 1
| #define HAVE_STRING_H 1
| #define HAVE_MEMORY_H 1
| #define HAVE_STRINGS_H 1
| #define HAVE_INTTYPES_H 1
| #define HAVE_STDINT_H 1
| #define HAVE_UNISTD_H 1
| #define HAVE_LIBIBERTY 1
| /* end confdefs.h.  */
| 
| 
| int
| main ()
| {
| main ();
|   ;
|   return 0;
| }
configure:5509: result: no
configure:5518: checking for bfd_openr in -lbfd
configure:5548: /opt/toolchains/uclibc-crosstools/mips-linux-uclibc/bin/gcc -o conftest -g -O2   -L /opt/toolchains/uclibc-crosstools/mips-linux-uclibc/lib -Xlinker -R -Xlinker /opt/toolchains/uclibc-crosstools/mips-linux-uclibc/lib conftest.c -lbfd  -liberty -lpopt  >&5
/opt/toolchains/uclibc-crosstools_gcc-3.4.2_uclibc-20050502//lib/gcc/mips-linux-uclibc/3.4.2/../../../../mips-linux-uclibc/bin/ld: cannot find -lbfd
collect2: ld returned 1 exit status
configure:5554: $? = 1
configure: failed program was:
| /* confdefs.h.  */
| 
| #define PACKAGE_NAME ""
| #define PACKAGE_TARNAME ""
| #define PACKAGE_VERSION ""
| #define PACKAGE_STRING ""
| #define PACKAGE_BUGREPORT ""
| #define PACKAGE "oprofile"
| #define VERSION "0.9.1"
| #ifdef __cplusplus
| extern "C" void std::exit (int) throw (); using std::exit;
| #endif
| #define MALLOC_ATTRIBUTE_OK 1
| #define HAVE_LIBPOPT 1
| #define STDC_HEADERS 1
| #define HAVE_SYS_TYPES_H 1
| #define HAVE_SYS_STAT_H 1
| #define HAVE_STDLIB_H 1
| #define HAVE_STRING_H 1
| #define HAVE_MEMORY_H 1
| #define HAVE_STRINGS_H 1
| #define HAVE_INTTYPES_H 1
| #define HAVE_STDINT_H 1
| #define HAVE_UNISTD_H 1
| #define HAVE_LIBIBERTY 1
| /* end confdefs.h.  */
| 
| /* Override any gcc2 internal prototype to avoid an error.  */
| #ifdef __cplusplus
| extern "C"
| #endif
| /* We use char because int might match the return type of a gcc2
|    builtin and then its argument prototype would still apply.  */
| char bfd_openr ();
| int
| main ()
| {
| bfd_openr ();
|   ;
|   return 0;
| }
configure:5580: result: no
configure:5600: checking whether bfd_get_synthetic_symtab() exists in BFD library
configure:5654: checking popt prototype
configure:5677: /opt/toolchains/uclibc-crosstools/mips-linux-uclibc/bin/g++ -c -Werror -g -O2  conftest.cc >&5
conftest.cc:29:18: popt.h: No such file or directory
conftest.cc: In function `int main()':
conftest.cc:35: error: `poptGetContext' undeclared (first use this function)
conftest.cc:35: error: (Each undeclared identifier is reported only once for each function it appears in.)
configure:5683: $? = 1
configure: failed program was:
| /* confdefs.h.  */
| 
| #define PACKAGE_NAME ""
| #define PACKAGE_TARNAME ""
| #define PACKAGE_VERSION ""
| #define PACKAGE_STRING ""
| #define PACKAGE_BUGREPORT ""
| #define PACKAGE "oprofile"
| #define VERSION "0.9.1"
| #ifdef __cplusplus
| extern "C" void std::exit (int) throw (); using std::exit;
| #endif
| #define MALLOC_ATTRIBUTE_OK 1
| #define HAVE_LIBPOPT 1
| #define STDC_HEADERS 1
| #define HAVE_SYS_TYPES_H 1
| #define HAVE_SYS_STAT_H 1
| #define HAVE_STDLIB_H 1
| #define HAVE_STRING_H 1
| #define HAVE_MEMORY_H 1
| #define HAVE_STRINGS_H 1
| #define HAVE_INTTYPES_H 1
| #define HAVE_STDINT_H 1
| #define HAVE_UNISTD_H 1
| #define HAVE_LIBIBERTY 1
| #define HAVE_LIBBFD 1
| #define SYNTHESIZE_SYMBOLS 0
| /* end confdefs.h.  */
| #include <popt.h>
| int
| main ()
| {
| 
| int c; char **v;
| poptGetContext(0, c, v, 0, 0);
| 
|   ;
|   return 0;
| }
configure:5704: result: takes const char **
configure:5716: checking whether to use included sstream
configure:5734: /opt/toolchains/uclibc-crosstools/mips-linux-uclibc/bin/g++ -c -g -O2  conftest.cc >&5
configure:5740: $? = 0
configure:5744: test -z 
			 || test ! -s conftest.err
configure:5747: $? = 0
configure:5750: test -s conftest.o
configure:5753: $? = 0
configure:5755: result: no
configure:5768: checking whether bfd defines bool
configure:5786: /opt/toolchains/uclibc-crosstools/mips-linux-uclibc/bin/g++ -c -g -O2  conftest.cc >&5
conftest.cc:30:17: bfd.h: No such file or directory
configure:5792: $? = 1
configure: failed program was:
| /* confdefs.h.  */
| 
| #define PACKAGE_NAME ""
| #define PACKAGE_TARNAME ""
| #define PACKAGE_VERSION ""
| #define PACKAGE_STRING ""
| #define PACKAGE_BUGREPORT ""
| #define PACKAGE "oprofile"
| #define VERSION "0.9.1"
| #ifdef __cplusplus
| extern "C" void std::exit (int) throw (); using std::exit;
| #endif
| #define MALLOC_ATTRIBUTE_OK 1
| #define HAVE_LIBPOPT 1
| #define STDC_HEADERS 1
| #define HAVE_SYS_TYPES_H 1
| #define HAVE_SYS_STAT_H 1
| #define HAVE_STDLIB_H 1
| #define HAVE_STRING_H 1
| #define HAVE_MEMORY_H 1
| #define HAVE_STRINGS_H 1
| #define HAVE_INTTYPES_H 1
| #define HAVE_STDINT_H 1
| #define HAVE_UNISTD_H 1
| #define HAVE_LIBIBERTY 1
| #define HAVE_LIBBFD 1
| #define SYNTHESIZE_SYMBOLS 0
| #define CONST_POPT 1
| /* end confdefs.h.  */
| #include <bfd.h>
| int
| main ()
| {
| 
|   ;
|   return 0;
| }
configure:5813: result: yes
configure:5823: checking type of size_t
configure:5862: /opt/toolchains/uclibc-crosstools/mips-linux-uclibc/bin/gcc -c -Werror -g -O2  conftest.c >&5
configure:5868: $? = 0
configure:5872: test -z 
			 || test ! -s conftest.err
configure:5875: $? = 0
configure:5878: test -s conftest.o
configure:5881: $? = 0
configure:5905: result: unsigned
configure:5915: checking type of ptrdiff_t
configure:5954: /opt/toolchains/uclibc-crosstools/mips-linux-uclibc/bin/gcc -c -Werror -g -O2  conftest.c >&5
configure:5960: $? = 0
configure:5964: test -z 
			 || test ! -s conftest.err
configure:5967: $? = 0
configure:5970: test -s conftest.o
configure:5973: $? = 0
configure:5997: result: int
configure:6012: checking how to run the C++ preprocessor
configure:6043: /opt/toolchains/uclibc-crosstools/mips-linux-uclibc/bin/g++ -E  conftest.cc
configure:6049: $? = 0
configure:6081: /opt/toolchains/uclibc-crosstools/mips-linux-uclibc/bin/g++ -E  conftest.cc
conftest.cc:31:28: ac_nonexistent.h: No such file or directory
configure:6087: $? = 1
configure: failed program was:
| /* confdefs.h.  */
| 
| #define PACKAGE_NAME ""
| #define PACKAGE_TARNAME ""
| #define PACKAGE_VERSION ""
| #define PACKAGE_STRING ""
| #define PACKAGE_BUGREPORT ""
| #define PACKAGE "oprofile"
| #define VERSION "0.9.1"
| #ifdef __cplusplus
| extern "C" void std::exit (int) throw (); using std::exit;
| #endif
| #define MALLOC_ATTRIBUTE_OK 1
| #define HAVE_LIBPOPT 1
| #define STDC_HEADERS 1
| #define HAVE_SYS_TYPES_H 1
| #define HAVE_SYS_STAT_H 1
| #define HAVE_STDLIB_H 1
| #define HAVE_STRING_H 1
| #define HAVE_MEMORY_H 1
| #define HAVE_STRINGS_H 1
| #define HAVE_INTTYPES_H 1
| #define HAVE_STDINT_H 1
| #define HAVE_UNISTD_H 1
| #define HAVE_LIBIBERTY 1
| #define HAVE_LIBBFD 1
| #define SYNTHESIZE_SYMBOLS 0
| #define CONST_POPT 1
| #define TRUE_FALSE_ALREADY_DEFINED 1
| /* end confdefs.h.  */
| #include <ac_nonexistent.h>
configure:6126: result: /opt/toolchains/uclibc-crosstools/mips-linux-uclibc/bin/g++ -E
configure:6150: /opt/toolchains/uclibc-crosstools/mips-linux-uclibc/bin/g++ -E  conftest.cc
configure:6156: $? = 0
configure:6188: /opt/toolchains/uclibc-crosstools/mips-linux-uclibc/bin/g++ -E  conftest.cc
conftest.cc:31:28: ac_nonexistent.h: No such file or directory
configure:6194: $? = 1
configure: failed program was:
| /* confdefs.h.  */
| 
| #define PACKAGE_NAME ""
| #define PACKAGE_TARNAME ""
| #define PACKAGE_VERSION ""
| #define PACKAGE_STRING ""
| #define PACKAGE_BUGREPORT ""
| #define PACKAGE "oprofile"
| #define VERSION "0.9.1"
| #ifdef __cplusplus
| extern "C" void std::exit (int) throw (); using std::exit;
| #endif
| #define MALLOC_ATTRIBUTE_OK 1
| #define HAVE_LIBPOPT 1
| #define STDC_HEADERS 1
| #define HAVE_SYS_TYPES_H 1
| #define HAVE_SYS_STAT_H 1
| #define HAVE_STDLIB_H 1
| #define HAVE_STRING_H 1
| #define HAVE_MEMORY_H 1
| #define HAVE_STRINGS_H 1
| #define HAVE_INTTYPES_H 1
| #define HAVE_STDINT_H 1
| #define HAVE_UNISTD_H 1
| #define HAVE_LIBIBERTY 1
| #define HAVE_LIBBFD 1
| #define SYNTHESIZE_SYMBOLS 0
| #define CONST_POPT 1
| #define TRUE_FALSE_ALREADY_DEFINED 1
| /* end confdefs.h.  */
| #include <ac_nonexistent.h>
configure:6238: checking for X
configure:6343: /opt/toolchains/uclibc-crosstools/mips-linux-uclibc/bin/g++ -E  conftest.cc
conftest.cc:31:27: X11/Intrinsic.h: No such file or directory
configure:6349: $? = 1
configure: failed program was:
| /* confdefs.h.  */
| 
| #define PACKAGE_NAME ""
| #define PACKAGE_TARNAME ""
| #define PACKAGE_VERSION ""
| #define PACKAGE_STRING ""
| #define PACKAGE_BUGREPORT ""
| #define PACKAGE "oprofile"
| #define VERSION "0.9.1"
| #ifdef __cplusplus
| extern "C" void std::exit (int) throw (); using std::exit;
| #endif
| #define MALLOC_ATTRIBUTE_OK 1
| #define HAVE_LIBPOPT 1
| #define STDC_HEADERS 1
| #define HAVE_SYS_TYPES_H 1
| #define HAVE_SYS_STAT_H 1
| #define HAVE_STDLIB_H 1
| #define HAVE_STRING_H 1
| #define HAVE_MEMORY_H 1
| #define HAVE_STRINGS_H 1
| #define HAVE_INTTYPES_H 1
| #define HAVE_STDINT_H 1
| #define HAVE_UNISTD_H 1
| #define HAVE_LIBIBERTY 1
| #define HAVE_LIBBFD 1
| #define SYNTHESIZE_SYMBOLS 0
| #define CONST_POPT 1
| #define TRUE_FALSE_ALREADY_DEFINED 1
| /* end confdefs.h.  */
| #include <X11/Intrinsic.h>
configure:6399: /opt/toolchains/uclibc-crosstools/mips-linux-uclibc/bin/g++ -o conftest -g -O2   -L /opt/toolchains/uclibc-crosstools/mips-linux-uclibc/lib -Xlinker -R -Xlinker /opt/toolchains/uclibc-crosstools/mips-linux-uclibc/lib conftest.cc -lXt -lbfd -liberty -lpopt  >&5
conftest.cc:31:27: X11/Intrinsic.h: No such file or directory
conftest.cc: In function `int main()':
conftest.cc:35: error: `XtMalloc' undeclared (first use this function)
conftest.cc:35: error: (Each undeclared identifier is reported only once for each function it appears in.)
configure:6405: $? = 1
configure: failed program was:
| /* confdefs.h.  */
| 
| #define PACKAGE_NAME ""
| #define PACKAGE_TARNAME ""
| #define PACKAGE_VERSION ""
| #define PACKAGE_STRING ""
| #define PACKAGE_BUGREPORT ""
| #define PACKAGE "oprofile"
| #define VERSION "0.9.1"
| #ifdef __cplusplus
| extern "C" void std::exit (int) throw (); using std::exit;
| #endif
| #define MALLOC_ATTRIBUTE_OK 1
| #define HAVE_LIBPOPT 1
| #define STDC_HEADERS 1
| #define HAVE_SYS_TYPES_H 1
| #define HAVE_SYS_STAT_H 1
| #define HAVE_STDLIB_H 1
| #define HAVE_STRING_H 1
| #define HAVE_MEMORY_H 1
| #define HAVE_STRINGS_H 1
| #define HAVE_INTTYPES_H 1
| #define HAVE_STDINT_H 1
| #define HAVE_UNISTD_H 1
| #define HAVE_LIBIBERTY 1
| #define HAVE_LIBBFD 1
| #define SYNTHESIZE_SYMBOLS 0
| #define CONST_POPT 1
| #define TRUE_FALSE_ALREADY_DEFINED 1
| /* end confdefs.h.  */
| #include <X11/Intrinsic.h>
| int
| main ()
| {
| XtMalloc (0)
|   ;
|   return 0;
| }
configure:6468: result: libraries /usr/X11R6/lib, headers /usr/X11R6/include
configure:6640: /opt/toolchains/uclibc-crosstools/mips-linux-uclibc/bin/g++ -o conftest -g -O2   -L /opt/toolchains/uclibc-crosstools/mips-linux-uclibc/lib -Xlinker -R -Xlinker /opt/toolchains/uclibc-crosstools/mips-linux-uclibc/lib conftest.cc -lbfd -liberty -lpopt   -L/usr/X11R6/lib -lX11 >&5
/opt/toolchains/uclibc-crosstools_gcc-3.4.2_uclibc-20050502//lib/gcc/mips-linux-uclibc/3.4.2/../../../../mips-linux-uclibc/bin/ld: cannot find -lbfd
collect2: ld returned 1 exit status
configure:6646: $? = 1
configure: failed program was:
| /* confdefs.h.  */
| 
| #define PACKAGE_NAME ""
| #define PACKAGE_TARNAME ""
| #define PACKAGE_VERSION ""
| #define PACKAGE_STRING ""
| #define PACKAGE_BUGREPORT ""
| #define PACKAGE "oprofile"
| #define VERSION "0.9.1"
| #ifdef __cplusplus
| extern "C" void std::exit (int) throw (); using std::exit;
| #endif
| #define MALLOC_ATTRIBUTE_OK 1
| #define HAVE_LIBPOPT 1
| #define STDC_HEADERS 1
| #define HAVE_SYS_TYPES_H 1
| #define HAVE_SYS_STAT_H 1
| #define HAVE_STDLIB_H 1
| #define HAVE_STRING_H 1
| #define HAVE_MEMORY_H 1
| #define HAVE_STRINGS_H 1
| #define HAVE_INTTYPES_H 1
| #define HAVE_STDINT_H 1
| #define HAVE_UNISTD_H 1
| #define HAVE_LIBIBERTY 1
| #define HAVE_LIBBFD 1
| #define SYNTHESIZE_SYMBOLS 0
| #define CONST_POPT 1
| #define TRUE_FALSE_ALREADY_DEFINED 1
| /* end confdefs.h.  */
| 
| /* Override any gcc2 internal prototype to avoid an error.  */
| #ifdef __cplusplus
| extern "C"
| #endif
| /* We use char because int might match the return type of a gcc2
|    builtin and then its argument prototype would still apply.  */
| char XOpenDisplay ();
| int
| main ()
| {
| XOpenDisplay ();
|   ;
|   return 0;
| }
configure:6666: checking for dnet_ntoa in -ldnet
configure:6696: /opt/toolchains/uclibc-crosstools/mips-linux-uclibc/bin/g++ -o conftest -g -O2   -L /opt/toolchains/uclibc-crosstools/mips-linux-uclibc/lib -Xlinker -R -Xlinker /opt/toolchains/uclibc-crosstools/mips-linux-uclibc/lib conftest.cc -ldnet  -lbfd -liberty -lpopt   -L/usr/X11R6/lib -lX11 >&5
/opt/toolchains/uclibc-crosstools_gcc-3.4.2_uclibc-20050502//lib/gcc/mips-linux-uclibc/3.4.2/../../../../mips-linux-uclibc/bin/ld: cannot find -ldnet
collect2: ld returned 1 exit status
configure:6702: $? = 1
configure: failed program was:
| /* confdefs.h.  */
| 
| #define PACKAGE_NAME ""
| #define PACKAGE_TARNAME ""
| #define PACKAGE_VERSION ""
| #define PACKAGE_STRING ""
| #define PACKAGE_BUGREPORT ""
| #define PACKAGE "oprofile"
| #define VERSION "0.9.1"
| #ifdef __cplusplus
| extern "C" void std::exit (int) throw (); using std::exit;
| #endif
| #define MALLOC_ATTRIBUTE_OK 1
| #define HAVE_LIBPOPT 1
| #define STDC_HEADERS 1
| #define HAVE_SYS_TYPES_H 1
| #define HAVE_SYS_STAT_H 1
| #define HAVE_STDLIB_H 1
| #define HAVE_STRING_H 1
| #define HAVE_MEMORY_H 1
| #define HAVE_STRINGS_H 1
| #define HAVE_INTTYPES_H 1
| #define HAVE_STDINT_H 1
| #define HAVE_UNISTD_H 1
| #define HAVE_LIBIBERTY 1
| #define HAVE_LIBBFD 1
| #define SYNTHESIZE_SYMBOLS 0
| #define CONST_POPT 1
| #define TRUE_FALSE_ALREADY_DEFINED 1
| /* end confdefs.h.  */
| 
| /* Override any gcc2 internal prototype to avoid an error.  */
| #ifdef __cplusplus
| extern "C"
| #endif
| /* We use char because int might match the return type of a gcc2
|    builtin and then its argument prototype would still apply.  */
| char dnet_ntoa ();
| int
| main ()
| {
| dnet_ntoa ();
|   ;
|   return 0;
| }
configure:6728: result: no
configure:6735: checking for dnet_ntoa in -ldnet_stub
configure:6765: /opt/toolchains/uclibc-crosstools/mips-linux-uclibc/bin/g++ -o conftest -g -O2   -L /opt/toolchains/uclibc-crosstools/mips-linux-uclibc/lib -Xlinker -R -Xlinker /opt/toolchains/uclibc-crosstools/mips-linux-uclibc/lib conftest.cc -ldnet_stub  -lbfd -liberty -lpopt   -L/usr/X11R6/lib -lX11 >&5
/opt/toolchains/uclibc-crosstools_gcc-3.4.2_uclibc-20050502//lib/gcc/mips-linux-uclibc/3.4.2/../../../../mips-linux-uclibc/bin/ld: cannot find -ldnet_stub
collect2: ld returned 1 exit status
configure:6771: $? = 1
configure: failed program was:
| /* confdefs.h.  */
| 
| #define PACKAGE_NAME ""
| #define PACKAGE_TARNAME ""
| #define PACKAGE_VERSION ""
| #define PACKAGE_STRING ""
| #define PACKAGE_BUGREPORT ""
| #define PACKAGE "oprofile"
| #define VERSION "0.9.1"
| #ifdef __cplusplus
| extern "C" void std::exit (int) throw (); using std::exit;
| #endif
| #define MALLOC_ATTRIBUTE_OK 1
| #define HAVE_LIBPOPT 1
| #define STDC_HEADERS 1
| #define HAVE_SYS_TYPES_H 1
| #define HAVE_SYS_STAT_H 1
| #define HAVE_STDLIB_H 1
| #define HAVE_STRING_H 1
| #define HAVE_MEMORY_H 1
| #define HAVE_STRINGS_H 1
| #define HAVE_INTTYPES_H 1
| #define HAVE_STDINT_H 1
| #define HAVE_UNISTD_H 1
| #define HAVE_LIBIBERTY 1
| #define HAVE_LIBBFD 1
| #define SYNTHESIZE_SYMBOLS 0
| #define CONST_POPT 1
| #define TRUE_FALSE_ALREADY_DEFINED 1
| /* end confdefs.h.  */
| 
| /* Override any gcc2 internal prototype to avoid an error.  */
| #ifdef __cplusplus
| extern "C"
| #endif
| /* We use char because int might match the return type of a gcc2
|    builtin and then its argument prototype would still apply.  */
| char dnet_ntoa ();
| int
| main ()
| {
| dnet_ntoa ();
|   ;
|   return 0;
| }
configure:6797: result: no
configure:6817: checking for gethostbyname
configure:6874: /opt/toolchains/uclibc-crosstools/mips-linux-uclibc/bin/g++ -o conftest -g -O2   -L /opt/toolchains/uclibc-crosstools/mips-linux-uclibc/lib -Xlinker -R -Xlinker /opt/toolchains/uclibc-crosstools/mips-linux-uclibc/lib conftest.cc -lbfd -liberty -lpopt  >&5
/opt/toolchains/uclibc-crosstools_gcc-3.4.2_uclibc-20050502//lib/gcc/mips-linux-uclibc/3.4.2/../../../../mips-linux-uclibc/bin/ld: cannot find -lbfd
collect2: ld returned 1 exit status
configure:6880: $? = 1
configure: failed program was:
| /* confdefs.h.  */
| 
| #define PACKAGE_NAME ""
| #define PACKAGE_TARNAME ""
| #define PACKAGE_VERSION ""
| #define PACKAGE_STRING ""
| #define PACKAGE_BUGREPORT ""
| #define PACKAGE "oprofile"
| #define VERSION "0.9.1"
| #ifdef __cplusplus
| extern "C" void std::exit (int) throw (); using std::exit;
| #endif
| #define MALLOC_ATTRIBUTE_OK 1
| #define HAVE_LIBPOPT 1
| #define STDC_HEADERS 1
| #define HAVE_SYS_TYPES_H 1
| #define HAVE_SYS_STAT_H 1
| #define HAVE_STDLIB_H 1
| #define HAVE_STRING_H 1
| #define HAVE_MEMORY_H 1
| #define HAVE_STRINGS_H 1
| #define HAVE_INTTYPES_H 1
| #define HAVE_STDINT_H 1
| #define HAVE_UNISTD_H 1
| #define HAVE_LIBIBERTY 1
| #define HAVE_LIBBFD 1
| #define SYNTHESIZE_SYMBOLS 0
| #define CONST_POPT 1
| #define TRUE_FALSE_ALREADY_DEFINED 1
| /* end confdefs.h.  */
| /* Define gethostbyname to an innocuous variant, in case <limits.h> declares gethostbyname.
|    For example, HP-UX 11i <limits.h> declares gettimeofday.  */
| #define gethostbyname innocuous_gethostbyname
| 
| /* System header to define __stub macros and hopefully few prototypes,
|     which can conflict with char gethostbyname (); below.
|     Prefer <limits.h> to <assert.h> if __STDC__ is defined, since
|     <limits.h> exists even on freestanding compilers.  */
| 
| #ifdef __STDC__
| # include <limits.h>
| #else
| # include <assert.h>
| #endif
| 
| #undef gethostbyname
| 
| /* Override any gcc2 internal prototype to avoid an error.  */
| #ifdef __cplusplus
| extern "C"
| {
| #endif
| /* We use char because int might match the return type of a gcc2
|    builtin and then its argument prototype would still apply.  */
| char gethostbyname ();
| /* The GNU C library defines this for functions which it implements
|     to always fail with ENOSYS.  Some functions are actually named
|     something starting with __ and the normal name is an alias.  */
| #if defined (__stub_gethostbyname) || defined (__stub___gethostbyname)
| choke me
| #else
| char (*f) () = gethostbyname;
| #endif
| #ifdef __cplusplus
| }
| #endif
| 
| int
| main ()
| {
| return f != gethostbyname;
|   ;
|   return 0;
| }
configure:6905: result: no
configure:6909: checking for gethostbyname in -lnsl
configure:6939: /opt/toolchains/uclibc-crosstools/mips-linux-uclibc/bin/g++ -o conftest -g -O2   -L /opt/toolchains/uclibc-crosstools/mips-linux-uclibc/lib -Xlinker -R -Xlinker /opt/toolchains/uclibc-crosstools/mips-linux-uclibc/lib conftest.cc -lnsl  -lbfd -liberty -lpopt  >&5
/opt/toolchains/uclibc-crosstools_gcc-3.4.2_uclibc-20050502//lib/gcc/mips-linux-uclibc/3.4.2/../../../../mips-linux-uclibc/bin/ld: cannot find -lbfd
collect2: ld returned 1 exit status
configure:6945: $? = 1
configure: failed program was:
| /* confdefs.h.  */
| 
| #define PACKAGE_NAME ""
| #define PACKAGE_TARNAME ""
| #define PACKAGE_VERSION ""
| #define PACKAGE_STRING ""
| #define PACKAGE_BUGREPORT ""
| #define PACKAGE "oprofile"
| #define VERSION "0.9.1"
| #ifdef __cplusplus
| extern "C" void std::exit (int) throw (); using std::exit;
| #endif
| #define MALLOC_ATTRIBUTE_OK 1
| #define HAVE_LIBPOPT 1
| #define STDC_HEADERS 1
| #define HAVE_SYS_TYPES_H 1
| #define HAVE_SYS_STAT_H 1
| #define HAVE_STDLIB_H 1
| #define HAVE_STRING_H 1
| #define HAVE_MEMORY_H 1
| #define HAVE_STRINGS_H 1
| #define HAVE_INTTYPES_H 1
| #define HAVE_STDINT_H 1
| #define HAVE_UNISTD_H 1
| #define HAVE_LIBIBERTY 1
| #define HAVE_LIBBFD 1
| #define SYNTHESIZE_SYMBOLS 0
| #define CONST_POPT 1
| #define TRUE_FALSE_ALREADY_DEFINED 1
| /* end confdefs.h.  */
| 
| /* Override any gcc2 internal prototype to avoid an error.  */
| #ifdef __cplusplus
| extern "C"
| #endif
| /* We use char because int might match the return type of a gcc2
|    builtin and then its argument prototype would still apply.  */
| char gethostbyname ();
| int
| main ()
| {
| gethostbyname ();
|   ;
|   return 0;
| }
configure:6971: result: no
configure:6978: checking for gethostbyname in -lbsd
configure:7008: /opt/toolchains/uclibc-crosstools/mips-linux-uclibc/bin/g++ -o conftest -g -O2   -L /opt/toolchains/uclibc-crosstools/mips-linux-uclibc/lib -Xlinker -R -Xlinker /opt/toolchains/uclibc-crosstools/mips-linux-uclibc/lib conftest.cc -lbsd  -lbfd -liberty -lpopt  >&5
/opt/toolchains/uclibc-crosstools_gcc-3.4.2_uclibc-20050502//lib/gcc/mips-linux-uclibc/3.4.2/../../../../mips-linux-uclibc/bin/ld: cannot find -lbsd
collect2: ld returned 1 exit status
configure:7014: $? = 1
configure: failed program was:
| /* confdefs.h.  */
| 
| #define PACKAGE_NAME ""
| #define PACKAGE_TARNAME ""
| #define PACKAGE_VERSION ""
| #define PACKAGE_STRING ""
| #define PACKAGE_BUGREPORT ""
| #define PACKAGE "oprofile"
| #define VERSION "0.9.1"
| #ifdef __cplusplus
| extern "C" void std::exit (int) throw (); using std::exit;
| #endif
| #define MALLOC_ATTRIBUTE_OK 1
| #define HAVE_LIBPOPT 1
| #define STDC_HEADERS 1
| #define HAVE_SYS_TYPES_H 1
| #define HAVE_SYS_STAT_H 1
| #define HAVE_STDLIB_H 1
| #define HAVE_STRING_H 1
| #define HAVE_MEMORY_H 1
| #define HAVE_STRINGS_H 1
| #define HAVE_INTTYPES_H 1
| #define HAVE_STDINT_H 1
| #define HAVE_UNISTD_H 1
| #define HAVE_LIBIBERTY 1
| #define HAVE_LIBBFD 1
| #define SYNTHESIZE_SYMBOLS 0
| #define CONST_POPT 1
| #define TRUE_FALSE_ALREADY_DEFINED 1
| /* end confdefs.h.  */
| 
| /* Override any gcc2 internal prototype to avoid an error.  */
| #ifdef __cplusplus
| extern "C"
| #endif
| /* We use char because int might match the return type of a gcc2
|    builtin and then its argument prototype would still apply.  */
| char gethostbyname ();
| int
| main ()
| {
| gethostbyname ();
|   ;
|   return 0;
| }
configure:7040: result: no
configure:7056: checking for connect
configure:7113: /opt/toolchains/uclibc-crosstools/mips-linux-uclibc/bin/g++ -o conftest -g -O2   -L /opt/toolchains/uclibc-crosstools/mips-linux-uclibc/lib -Xlinker -R -Xlinker /opt/toolchains/uclibc-crosstools/mips-linux-uclibc/lib conftest.cc -lbfd -liberty -lpopt  >&5
/opt/toolchains/uclibc-crosstools_gcc-3.4.2_uclibc-20050502//lib/gcc/mips-linux-uclibc/3.4.2/../../../../mips-linux-uclibc/bin/ld: cannot find -lbfd
collect2: ld returned 1 exit status
configure:7119: $? = 1
configure: failed program was:
| /* confdefs.h.  */
| 
| #define PACKAGE_NAME ""
| #define PACKAGE_TARNAME ""
| #define PACKAGE_VERSION ""
| #define PACKAGE_STRING ""
| #define PACKAGE_BUGREPORT ""
| #define PACKAGE "oprofile"
| #define VERSION "0.9.1"
| #ifdef __cplusplus
| extern "C" void std::exit (int) throw (); using std::exit;
| #endif
| #define MALLOC_ATTRIBUTE_OK 1
| #define HAVE_LIBPOPT 1
| #define STDC_HEADERS 1
| #define HAVE_SYS_TYPES_H 1
| #define HAVE_SYS_STAT_H 1
| #define HAVE_STDLIB_H 1
| #define HAVE_STRING_H 1
| #define HAVE_MEMORY_H 1
| #define HAVE_STRINGS_H 1
| #define HAVE_INTTYPES_H 1
| #define HAVE_STDINT_H 1
| #define HAVE_UNISTD_H 1
| #define HAVE_LIBIBERTY 1
| #define HAVE_LIBBFD 1
| #define SYNTHESIZE_SYMBOLS 0
| #define CONST_POPT 1
| #define TRUE_FALSE_ALREADY_DEFINED 1
| /* end confdefs.h.  */
| /* Define connect to an innocuous variant, in case <limits.h> declares connect.
|    For example, HP-UX 11i <limits.h> declares gettimeofday.  */
| #define connect innocuous_connect
| 
| /* System header to define __stub macros and hopefully few prototypes,
|     which can conflict with char connect (); below.
|     Prefer <limits.h> to <assert.h> if __STDC__ is defined, since
|     <limits.h> exists even on freestanding compilers.  */
| 
| #ifdef __STDC__
| # include <limits.h>
| #else
| # include <assert.h>
| #endif
| 
| #undef connect
| 
| /* Override any gcc2 internal prototype to avoid an error.  */
| #ifdef __cplusplus
| extern "C"
| {
| #endif
| /* We use char because int might match the return type of a gcc2
|    builtin and then its argument prototype would still apply.  */
| char connect ();
| /* The GNU C library defines this for functions which it implements
|     to always fail with ENOSYS.  Some functions are actually named
|     something starting with __ and the normal name is an alias.  */
| #if defined (__stub_connect) || defined (__stub___connect)
| choke me
| #else
| char (*f) () = connect;
| #endif
| #ifdef __cplusplus
| }
| #endif
| 
| int
| main ()
| {
| return f != connect;
|   ;
|   return 0;
| }
configure:7144: result: no
configure:7148: checking for connect in -lsocket
configure:7178: /opt/toolchains/uclibc-crosstools/mips-linux-uclibc/bin/g++ -o conftest -g -O2   -L /opt/toolchains/uclibc-crosstools/mips-linux-uclibc/lib -Xlinker -R -Xlinker /opt/toolchains/uclibc-crosstools/mips-linux-uclibc/lib conftest.cc -lsocket  -lbfd -liberty -lpopt  >&5
/opt/toolchains/uclibc-crosstools_gcc-3.4.2_uclibc-20050502//lib/gcc/mips-linux-uclibc/3.4.2/../../../../mips-linux-uclibc/bin/ld: cannot find -lsocket
collect2: ld returned 1 exit status
configure:7184: $? = 1
configure: failed program was:
| /* confdefs.h.  */
| 
| #define PACKAGE_NAME ""
| #define PACKAGE_TARNAME ""
| #define PACKAGE_VERSION ""
| #define PACKAGE_STRING ""
| #define PACKAGE_BUGREPORT ""
| #define PACKAGE "oprofile"
| #define VERSION "0.9.1"
| #ifdef __cplusplus
| extern "C" void std::exit (int) throw (); using std::exit;
| #endif
| #define MALLOC_ATTRIBUTE_OK 1
| #define HAVE_LIBPOPT 1
| #define STDC_HEADERS 1
| #define HAVE_SYS_TYPES_H 1
| #define HAVE_SYS_STAT_H 1
| #define HAVE_STDLIB_H 1
| #define HAVE_STRING_H 1
| #define HAVE_MEMORY_H 1
| #define HAVE_STRINGS_H 1
| #define HAVE_INTTYPES_H 1
| #define HAVE_STDINT_H 1
| #define HAVE_UNISTD_H 1
| #define HAVE_LIBIBERTY 1
| #define HAVE_LIBBFD 1
| #define SYNTHESIZE_SYMBOLS 0
| #define CONST_POPT 1
| #define TRUE_FALSE_ALREADY_DEFINED 1
| /* end confdefs.h.  */
| 
| /* Override any gcc2 internal prototype to avoid an error.  */
| #ifdef __cplusplus
| extern "C"
| #endif
| /* We use char because int might match the return type of a gcc2
|    builtin and then its argument prototype would still apply.  */
| char connect ();
| int
| main ()
| {
| connect ();
|   ;
|   return 0;
| }
configure:7210: result: no
configure:7219: checking for remove
configure:7276: /opt/toolchains/uclibc-crosstools/mips-linux-uclibc/bin/g++ -o conftest -g -O2   -L /opt/toolchains/uclibc-crosstools/mips-linux-uclibc/lib -Xlinker -R -Xlinker /opt/toolchains/uclibc-crosstools/mips-linux-uclibc/lib conftest.cc -lbfd -liberty -lpopt  >&5
/opt/toolchains/uclibc-crosstools_gcc-3.4.2_uclibc-20050502//lib/gcc/mips-linux-uclibc/3.4.2/../../../../mips-linux-uclibc/bin/ld: cannot find -lbfd
collect2: ld returned 1 exit status
configure:7282: $? = 1
configure: failed program was:
| /* confdefs.h.  */
| 
| #define PACKAGE_NAME ""
| #define PACKAGE_TARNAME ""
| #define PACKAGE_VERSION ""
| #define PACKAGE_STRING ""
| #define PACKAGE_BUGREPORT ""
| #define PACKAGE "oprofile"
| #define VERSION "0.9.1"
| #ifdef __cplusplus
| extern "C" void std::exit (int) throw (); using std::exit;
| #endif
| #define MALLOC_ATTRIBUTE_OK 1
| #define HAVE_LIBPOPT 1
| #define STDC_HEADERS 1
| #define HAVE_SYS_TYPES_H 1
| #define HAVE_SYS_STAT_H 1
| #define HAVE_STDLIB_H 1
| #define HAVE_STRING_H 1
| #define HAVE_MEMORY_H 1
| #define HAVE_STRINGS_H 1
| #define HAVE_INTTYPES_H 1
| #define HAVE_STDINT_H 1
| #define HAVE_UNISTD_H 1
| #define HAVE_LIBIBERTY 1
| #define HAVE_LIBBFD 1
| #define SYNTHESIZE_SYMBOLS 0
| #define CONST_POPT 1
| #define TRUE_FALSE_ALREADY_DEFINED 1
| /* end confdefs.h.  */
| /* Define remove to an innocuous variant, in case <limits.h> declares remove.
|    For example, HP-UX 11i <limits.h> declares gettimeofday.  */
| #define remove innocuous_remove
| 
| /* System header to define __stub macros and hopefully few prototypes,
|     which can conflict with char remove (); below.
|     Prefer <limits.h> to <assert.h> if __STDC__ is defined, since
|     <limits.h> exists even on freestanding compilers.  */
| 
| #ifdef __STDC__
| # include <limits.h>
| #else
| # include <assert.h>
| #endif
| 
| #undef remove
| 
| /* Override any gcc2 internal prototype to avoid an error.  */
| #ifdef __cplusplus
| extern "C"
| {
| #endif
| /* We use char because int might match the return type of a gcc2
|    builtin and then its argument prototype would still apply.  */
| char remove ();
| /* The GNU C library defines this for functions which it implements
|     to always fail with ENOSYS.  Some functions are actually named
|     something starting with __ and the normal name is an alias.  */
| #if defined (__stub_remove) || defined (__stub___remove)
| choke me
| #else
| char (*f) () = remove;
| #endif
| #ifdef __cplusplus
| }
| #endif
| 
| int
| main ()
| {
| return f != remove;
|   ;
|   return 0;
| }
configure:7307: result: no
configure:7311: checking for remove in -lposix
configure:7341: /opt/toolchains/uclibc-crosstools/mips-linux-uclibc/bin/g++ -o conftest -g -O2   -L /opt/toolchains/uclibc-crosstools/mips-linux-uclibc/lib -Xlinker -R -Xlinker /opt/toolchains/uclibc-crosstools/mips-linux-uclibc/lib conftest.cc -lposix  -lbfd -liberty -lpopt  >&5
/opt/toolchains/uclibc-crosstools_gcc-3.4.2_uclibc-20050502//lib/gcc/mips-linux-uclibc/3.4.2/../../../../mips-linux-uclibc/bin/ld: cannot find -lposix
collect2: ld returned 1 exit status
configure:7347: $? = 1
configure: failed program was:
| /* confdefs.h.  */
| 
| #define PACKAGE_NAME ""
| #define PACKAGE_TARNAME ""
| #define PACKAGE_VERSION ""
| #define PACKAGE_STRING ""
| #define PACKAGE_BUGREPORT ""
| #define PACKAGE "oprofile"
| #define VERSION "0.9.1"
| #ifdef __cplusplus
| extern "C" void std::exit (int) throw (); using std::exit;
| #endif
| #define MALLOC_ATTRIBUTE_OK 1
| #define HAVE_LIBPOPT 1
| #define STDC_HEADERS 1
| #define HAVE_SYS_TYPES_H 1
| #define HAVE_SYS_STAT_H 1
| #define HAVE_STDLIB_H 1
| #define HAVE_STRING_H 1
| #define HAVE_MEMORY_H 1
| #define HAVE_STRINGS_H 1
| #define HAVE_INTTYPES_H 1
| #define HAVE_STDINT_H 1
| #define HAVE_UNISTD_H 1
| #define HAVE_LIBIBERTY 1
| #define HAVE_LIBBFD 1
| #define SYNTHESIZE_SYMBOLS 0
| #define CONST_POPT 1
| #define TRUE_FALSE_ALREADY_DEFINED 1
| /* end confdefs.h.  */
| 
| /* Override any gcc2 internal prototype to avoid an error.  */
| #ifdef __cplusplus
| extern "C"
| #endif
| /* We use char because int might match the return type of a gcc2
|    builtin and then its argument prototype would still apply.  */
| char remove ();
| int
| main ()
| {
| remove ();
|   ;
|   return 0;
| }
configure:7373: result: no
configure:7382: checking for shmat
configure:7439: /opt/toolchains/uclibc-crosstools/mips-linux-uclibc/bin/g++ -o conftest -g -O2   -L /opt/toolchains/uclibc-crosstools/mips-linux-uclibc/lib -Xlinker -R -Xlinker /opt/toolchains/uclibc-crosstools/mips-linux-uclibc/lib conftest.cc -lbfd -liberty -lpopt  >&5
/opt/toolchains/uclibc-crosstools_gcc-3.4.2_uclibc-20050502//lib/gcc/mips-linux-uclibc/3.4.2/../../../../mips-linux-uclibc/bin/ld: cannot find -lbfd
collect2: ld returned 1 exit status
configure:7445: $? = 1
configure: failed program was:
| /* confdefs.h.  */
| 
| #define PACKAGE_NAME ""
| #define PACKAGE_TARNAME ""
| #define PACKAGE_VERSION ""
| #define PACKAGE_STRING ""
| #define PACKAGE_BUGREPORT ""
| #define PACKAGE "oprofile"
| #define VERSION "0.9.1"
| #ifdef __cplusplus
| extern "C" void std::exit (int) throw (); using std::exit;
| #endif
| #define MALLOC_ATTRIBUTE_OK 1
| #define HAVE_LIBPOPT 1
| #define STDC_HEADERS 1
| #define HAVE_SYS_TYPES_H 1
| #define HAVE_SYS_STAT_H 1
| #define HAVE_STDLIB_H 1
| #define HAVE_STRING_H 1
| #define HAVE_MEMORY_H 1
| #define HAVE_STRINGS_H 1
| #define HAVE_INTTYPES_H 1
| #define HAVE_STDINT_H 1
| #define HAVE_UNISTD_H 1
| #define HAVE_LIBIBERTY 1
| #define HAVE_LIBBFD 1
| #define SYNTHESIZE_SYMBOLS 0
| #define CONST_POPT 1
| #define TRUE_FALSE_ALREADY_DEFINED 1
| /* end confdefs.h.  */
| /* Define shmat to an innocuous variant, in case <limits.h> declares shmat.
|    For example, HP-UX 11i <limits.h> declares gettimeofday.  */
| #define shmat innocuous_shmat
| 
| /* System header to define __stub macros and hopefully few prototypes,
|     which can conflict with char shmat (); below.
|     Prefer <limits.h> to <assert.h> if __STDC__ is defined, since
|     <limits.h> exists even on freestanding compilers.  */
| 
| #ifdef __STDC__
| # include <limits.h>
| #else
| # include <assert.h>
| #endif
| 
| #undef shmat
| 
| /* Override any gcc2 internal prototype to avoid an error.  */
| #ifdef __cplusplus
| extern "C"
| {
| #endif
| /* We use char because int might match the return type of a gcc2
|    builtin and then its argument prototype would still apply.  */
| char shmat ();
| /* The GNU C library defines this for functions which it implements
|     to always fail with ENOSYS.  Some functions are actually named
|     something starting with __ and the normal name is an alias.  */
| #if defined (__stub_shmat) || defined (__stub___shmat)
| choke me
| #else
| char (*f) () = shmat;
| #endif
| #ifdef __cplusplus
| }
| #endif
| 
| int
| main ()
| {
| return f != shmat;
|   ;
|   return 0;
| }
configure:7470: result: no
configure:7474: checking for shmat in -lipc
configure:7504: /opt/toolchains/uclibc-crosstools/mips-linux-uclibc/bin/g++ -o conftest -g -O2   -L /opt/toolchains/uclibc-crosstools/mips-linux-uclibc/lib -Xlinker -R -Xlinker /opt/toolchains/uclibc-crosstools/mips-linux-uclibc/lib conftest.cc -lipc  -lbfd -liberty -lpopt  >&5
/opt/toolchains/uclibc-crosstools_gcc-3.4.2_uclibc-20050502//lib/gcc/mips-linux-uclibc/3.4.2/../../../../mips-linux-uclibc/bin/ld: cannot find -lipc
collect2: ld returned 1 exit status
configure:7510: $? = 1
configure: failed program was:
| /* confdefs.h.  */
| 
| #define PACKAGE_NAME ""
| #define PACKAGE_TARNAME ""
| #define PACKAGE_VERSION ""
| #define PACKAGE_STRING ""
| #define PACKAGE_BUGREPORT ""
| #define PACKAGE "oprofile"
| #define VERSION "0.9.1"
| #ifdef __cplusplus
| extern "C" void std::exit (int) throw (); using std::exit;
| #endif
| #define MALLOC_ATTRIBUTE_OK 1
| #define HAVE_LIBPOPT 1
| #define STDC_HEADERS 1
| #define HAVE_SYS_TYPES_H 1
| #define HAVE_SYS_STAT_H 1
| #define HAVE_STDLIB_H 1
| #define HAVE_STRING_H 1
| #define HAVE_MEMORY_H 1
| #define HAVE_STRINGS_H 1
| #define HAVE_INTTYPES_H 1
| #define HAVE_STDINT_H 1
| #define HAVE_UNISTD_H 1
| #define HAVE_LIBIBERTY 1
| #define HAVE_LIBBFD 1
| #define SYNTHESIZE_SYMBOLS 0
| #define CONST_POPT 1
| #define TRUE_FALSE_ALREADY_DEFINED 1
| /* end confdefs.h.  */
| 
| /* Override any gcc2 internal prototype to avoid an error.  */
| #ifdef __cplusplus
| extern "C"
| #endif
| /* We use char because int might match the return type of a gcc2
|    builtin and then its argument prototype would still apply.  */
| char shmat ();
| int
| main ()
| {
| shmat ();
|   ;
|   return 0;
| }
configure:7536: result: no
configure:7554: checking for IceConnectionNumber in -lICE
configure:7584: /opt/toolchains/uclibc-crosstools/mips-linux-uclibc/bin/g++ -o conftest -g -O2   -L /opt/toolchains/uclibc-crosstools/mips-linux-uclibc/lib -Xlinker -R -Xlinker /opt/toolchains/uclibc-crosstools/mips-linux-uclibc/lib -L/usr/X11R6/lib conftest.cc -lICE  -lbfd -liberty -lpopt  >&5
/opt/toolchains/uclibc-crosstools_gcc-3.4.2_uclibc-20050502//lib/gcc/mips-linux-uclibc/3.4.2/../../../../mips-linux-uclibc/bin/ld: skipping incompatible /usr/X11R6/lib/libICE.so when searching for -lICE
/opt/toolchains/uclibc-crosstools_gcc-3.4.2_uclibc-20050502//lib/gcc/mips-linux-uclibc/3.4.2/../../../../mips-linux-uclibc/bin/ld: cannot find -lICE
collect2: ld returned 1 exit status
configure:7590: $? = 1
configure: failed program was:
| /* confdefs.h.  */
| 
| #define PACKAGE_NAME ""
| #define PACKAGE_TARNAME ""
| #define PACKAGE_VERSION ""
| #define PACKAGE_STRING ""
| #define PACKAGE_BUGREPORT ""
| #define PACKAGE "oprofile"
| #define VERSION "0.9.1"
| #ifdef __cplusplus
| extern "C" void std::exit (int) throw (); using std::exit;
| #endif
| #define MALLOC_ATTRIBUTE_OK 1
| #define HAVE_LIBPOPT 1
| #define STDC_HEADERS 1
| #define HAVE_SYS_TYPES_H 1
| #define HAVE_SYS_STAT_H 1
| #define HAVE_STDLIB_H 1
| #define HAVE_STRING_H 1
| #define HAVE_MEMORY_H 1
| #define HAVE_STRINGS_H 1
| #define HAVE_INTTYPES_H 1
| #define HAVE_STDINT_H 1
| #define HAVE_UNISTD_H 1
| #define HAVE_LIBIBERTY 1
| #define HAVE_LIBBFD 1
| #define SYNTHESIZE_SYMBOLS 0
| #define CONST_POPT 1
| #define TRUE_FALSE_ALREADY_DEFINED 1
| /* end confdefs.h.  */
| 
| /* Override any gcc2 internal prototype to avoid an error.  */
| #ifdef __cplusplus
| extern "C"
| #endif
| /* We use char because int might match the return type of a gcc2
|    builtin and then its argument prototype would still apply.  */
| char IceConnectionNumber ();
| int
| main ()
| {
| IceConnectionNumber ();
|   ;
|   return 0;
| }
configure:7616: result: no
configure:7680: checking for moc2
configure:7718: result: not found
configure:7728: checking for moc
configure:7770: result: /usr/lib/qt3//bin/moc
configure:7801: checking for uic
configure:7843: result: /usr/lib/qt3//bin/uic
configure:7858: checking for Qt library name
configure:7903: /opt/toolchains/uclibc-crosstools/mips-linux-uclibc/bin/g++ -o conftest -g -O2 -isystem /usr/lib/qt3//include -L/usr/lib/qt3//lib   -L /opt/toolchains/uclibc-crosstools/mips-linux-uclibc/lib -Xlinker -R -Xlinker /opt/toolchains/uclibc-crosstools/mips-linux-uclibc/lib conftest.cc  -lbfd -liberty -lpopt   -L/usr/X11R6/lib -lX11  -lqt-mt >&5
/opt/toolchains/uclibc-crosstools_gcc-3.4.2_uclibc-20050502//lib/gcc/mips-linux-uclibc/3.4.2/../../../../mips-linux-uclibc/bin/ld: cannot find -lbfd
collect2: ld returned 1 exit status
configure:7909: $? = 1
configure: failed program was:
| /* confdefs.h.  */
| 
| #define PACKAGE_NAME ""
| #define PACKAGE_TARNAME ""
| #define PACKAGE_VERSION ""
| #define PACKAGE_STRING ""
| #define PACKAGE_BUGREPORT ""
| #define PACKAGE "oprofile"
| #define VERSION "0.9.1"
| #ifdef __cplusplus
| extern "C" void std::exit (int) throw (); using std::exit;
| #endif
| #define MALLOC_ATTRIBUTE_OK 1
| #define HAVE_LIBPOPT 1
| #define STDC_HEADERS 1
| #define HAVE_SYS_TYPES_H 1
| #define HAVE_SYS_STAT_H 1
| #define HAVE_STDLIB_H 1
| #define HAVE_STRING_H 1
| #define HAVE_MEMORY_H 1
| #define HAVE_STRINGS_H 1
| #define HAVE_INTTYPES_H 1
| #define HAVE_STDINT_H 1
| #define HAVE_UNISTD_H 1
| #define HAVE_LIBIBERTY 1
| #define HAVE_LIBBFD 1
| #define SYNTHESIZE_SYMBOLS 0
| #define CONST_POPT 1
| #define TRUE_FALSE_ALREADY_DEFINED 1
| /* end confdefs.h.  */
| 
| 	#include <qglobal.h>
| 	#include <qstring.h>
| 
| int
| main ()
| {
| 
| 	QString s("mangle_failure");
| 	#if (QT_VERSION < 221)
| 	break_me_(\\);
| 	#endif
| 
|   ;
|   return 0;
| }
configure:7903: /opt/toolchains/uclibc-crosstools/mips-linux-uclibc/bin/g++ -o conftest -g -O2 -isystem /usr/lib/qt3//include -L/usr/lib/qt3//lib   -L /opt/toolchains/uclibc-crosstools/mips-linux-uclibc/lib -Xlinker -R -Xlinker /opt/toolchains/uclibc-crosstools/mips-linux-uclibc/lib conftest.cc  -lbfd -liberty -lpopt   -L/usr/X11R6/lib -lX11  -lqt3 >&5
/opt/toolchains/uclibc-crosstools_gcc-3.4.2_uclibc-20050502//lib/gcc/mips-linux-uclibc/3.4.2/../../../../mips-linux-uclibc/bin/ld: cannot find -lbfd
collect2: ld returned 1 exit status
configure:7909: $? = 1
configure: failed program was:
| /* confdefs.h.  */
| 
| #define PACKAGE_NAME ""
| #define PACKAGE_TARNAME ""
| #define PACKAGE_VERSION ""
| #define PACKAGE_STRING ""
| #define PACKAGE_BUGREPORT ""
| #define PACKAGE "oprofile"
| #define VERSION "0.9.1"
| #ifdef __cplusplus
| extern "C" void std::exit (int) throw (); using std::exit;
| #endif
| #define MALLOC_ATTRIBUTE_OK 1
| #define HAVE_LIBPOPT 1
| #define STDC_HEADERS 1
| #define HAVE_SYS_TYPES_H 1
| #define HAVE_SYS_STAT_H 1
| #define HAVE_STDLIB_H 1
| #define HAVE_STRING_H 1
| #define HAVE_MEMORY_H 1
| #define HAVE_STRINGS_H 1
| #define HAVE_INTTYPES_H 1
| #define HAVE_STDINT_H 1
| #define HAVE_UNISTD_H 1
| #define HAVE_LIBIBERTY 1
| #define HAVE_LIBBFD 1
| #define SYNTHESIZE_SYMBOLS 0
| #define CONST_POPT 1
| #define TRUE_FALSE_ALREADY_DEFINED 1
| /* end confdefs.h.  */
| 
| 	#include <qglobal.h>
| 	#include <qstring.h>
| 
| int
| main ()
| {
| 
| 	QString s("mangle_failure");
| 	#if (QT_VERSION < 221)
| 	break_me_(\\);
| 	#endif
| 
|   ;
|   return 0;
| }
configure:7903: /opt/toolchains/uclibc-crosstools/mips-linux-uclibc/bin/g++ -o conftest -g -O2 -isystem /usr/lib/qt3//include -L/usr/lib/qt3//lib   -L /opt/toolchains/uclibc-crosstools/mips-linux-uclibc/lib -Xlinker -R -Xlinker /opt/toolchains/uclibc-crosstools/mips-linux-uclibc/lib conftest.cc  -lbfd -liberty -lpopt   -L/usr/X11R6/lib -lX11  -lqt2 >&5
/opt/toolchains/uclibc-crosstools_gcc-3.4.2_uclibc-20050502//lib/gcc/mips-linux-uclibc/3.4.2/../../../../mips-linux-uclibc/bin/ld: cannot find -lbfd
collect2: ld returned 1 exit status
configure:7909: $? = 1
configure: failed program was:
| /* confdefs.h.  */
| 
| #define PACKAGE_NAME ""
| #define PACKAGE_TARNAME ""
| #define PACKAGE_VERSION ""
| #define PACKAGE_STRING ""
| #define PACKAGE_BUGREPORT ""
| #define PACKAGE "oprofile"
| #define VERSION "0.9.1"
| #ifdef __cplusplus
| extern "C" void std::exit (int) throw (); using std::exit;
| #endif
| #define MALLOC_ATTRIBUTE_OK 1
| #define HAVE_LIBPOPT 1
| #define STDC_HEADERS 1
| #define HAVE_SYS_TYPES_H 1
| #define HAVE_SYS_STAT_H 1
| #define HAVE_STDLIB_H 1
| #define HAVE_STRING_H 1
| #define HAVE_MEMORY_H 1
| #define HAVE_STRINGS_H 1
| #define HAVE_INTTYPES_H 1
| #define HAVE_STDINT_H 1
| #define HAVE_UNISTD_H 1
| #define HAVE_LIBIBERTY 1
| #define HAVE_LIBBFD 1
| #define SYNTHESIZE_SYMBOLS 0
| #define CONST_POPT 1
| #define TRUE_FALSE_ALREADY_DEFINED 1
| /* end confdefs.h.  */
| 
| 	#include <qglobal.h>
| 	#include <qstring.h>
| 
| int
| main ()
| {
| 
| 	QString s("mangle_failure");
| 	#if (QT_VERSION < 221)
| 	break_me_(\\);
| 	#endif
| 
|   ;
|   return 0;
| }
configure:7903: /opt/toolchains/uclibc-crosstools/mips-linux-uclibc/bin/g++ -o conftest -g -O2 -isystem /usr/lib/qt3//include -L/usr/lib/qt3//lib   -L /opt/toolchains/uclibc-crosstools/mips-linux-uclibc/lib -Xlinker -R -Xlinker /opt/toolchains/uclibc-crosstools/mips-linux-uclibc/lib conftest.cc  -lbfd -liberty -lpopt   -L/usr/X11R6/lib -lX11  -lqt >&5
/opt/toolchains/uclibc-crosstools_gcc-3.4.2_uclibc-20050502//lib/gcc/mips-linux-uclibc/3.4.2/../../../../mips-linux-uclibc/bin/ld: cannot find -lbfd
collect2: ld returned 1 exit status
configure:7909: $? = 1
configure: failed program was:
| /* confdefs.h.  */
| 
| #define PACKAGE_NAME ""
| #define PACKAGE_TARNAME ""
| #define PACKAGE_VERSION ""
| #define PACKAGE_STRING ""
| #define PACKAGE_BUGREPORT ""
| #define PACKAGE "oprofile"
| #define VERSION "0.9.1"
| #ifdef __cplusplus
| extern "C" void std::exit (int) throw (); using std::exit;
| #endif
| #define MALLOC_ATTRIBUTE_OK 1
| #define HAVE_LIBPOPT 1
| #define STDC_HEADERS 1
| #define HAVE_SYS_TYPES_H 1
| #define HAVE_SYS_STAT_H 1
| #define HAVE_STDLIB_H 1
| #define HAVE_STRING_H 1
| #define HAVE_MEMORY_H 1
| #define HAVE_STRINGS_H 1
| #define HAVE_INTTYPES_H 1
| #define HAVE_STDINT_H 1
| #define HAVE_UNISTD_H 1
| #define HAVE_LIBIBERTY 1
| #define HAVE_LIBBFD 1
| #define SYNTHESIZE_SYMBOLS 0
| #define CONST_POPT 1
| #define TRUE_FALSE_ALREADY_DEFINED 1
| /* end confdefs.h.  */
| 
| 	#include <qglobal.h>
| 	#include <qstring.h>
| 
| int
| main ()
| {
| 
| 	QString s("mangle_failure");
| 	#if (QT_VERSION < 221)
| 	break_me_(\\);
| 	#endif
| 
|   ;
|   return 0;
| }
configure:7945: result: failed
configure:8128: checking for xsltproc
configure:8157: result: no
configure:8226: checking whether /opt/toolchains/uclibc-crosstools/mips-linux-uclibc/bin/gcc -W is understood
configure:8254: /opt/toolchains/uclibc-crosstools/mips-linux-uclibc/bin/gcc -c -W  conftest.c >&5
configure:8260: $? = 0
configure:8264: test -z 
			 || test ! -s conftest.err
configure:8267: $? = 0
configure:8270: test -s conftest.o
configure:8273: $? = 0
configure:8275: result: yes
configure:8294: checking whether /opt/toolchains/uclibc-crosstools/mips-linux-uclibc/bin/g++ -W is understood
configure:8322: /opt/toolchains/uclibc-crosstools/mips-linux-uclibc/bin/g++ -c -W  conftest.cc >&5
configure:8328: $? = 0
configure:8332: test -z 
			 || test ! -s conftest.err
configure:8335: $? = 0
configure:8338: test -s conftest.o
configure:8341: $? = 0
configure:8343: result: yes
configure:8362: checking whether /opt/toolchains/uclibc-crosstools/mips-linux-uclibc/bin/gcc -Wall is understood
configure:8390: /opt/toolchains/uclibc-crosstools/mips-linux-uclibc/bin/gcc -c -Wall  conftest.c >&5
configure:8396: $? = 0
configure:8400: test -z 
			 || test ! -s conftest.err
configure:8403: $? = 0
configure:8406: test -s conftest.o
configure:8409: $? = 0
configure:8411: result: yes
configure:8430: checking whether /opt/toolchains/uclibc-crosstools/mips-linux-uclibc/bin/g++ -Wall is understood
configure:8458: /opt/toolchains/uclibc-crosstools/mips-linux-uclibc/bin/g++ -c -Wall  conftest.cc >&5
configure:8464: $? = 0
configure:8468: test -z 
			 || test ! -s conftest.err
configure:8471: $? = 0
configure:8474: test -s conftest.o
configure:8477: $? = 0
configure:8479: result: yes
configure:8498: checking whether /opt/toolchains/uclibc-crosstools/mips-linux-uclibc/bin/gcc -fno-common is understood
configure:8526: /opt/toolchains/uclibc-crosstools/mips-linux-uclibc/bin/gcc -c -fno-common  conftest.c >&5
configure:8532: $? = 0
configure:8536: test -z 
			 || test ! -s conftest.err
configure:8539: $? = 0
configure:8542: test -s conftest.o
configure:8545: $? = 0
configure:8547: result: yes
configure:8566: checking whether /opt/toolchains/uclibc-crosstools/mips-linux-uclibc/bin/g++ -fno-common is understood
configure:8594: /opt/toolchains/uclibc-crosstools/mips-linux-uclibc/bin/g++ -c -fno-common  conftest.cc >&5
configure:8600: $? = 0
configure:8604: test -z 
			 || test ! -s conftest.err
configure:8607: $? = 0
configure:8610: test -s conftest.o
configure:8613: $? = 0
configure:8615: result: yes
configure:8634: checking whether /opt/toolchains/uclibc-crosstools/mips-linux-uclibc/bin/g++ -ftemplate-depth-50 is understood
configure:8662: /opt/toolchains/uclibc-crosstools/mips-linux-uclibc/bin/g++ -c -ftemplate-depth-50  conftest.cc >&5
configure:8668: $? = 0
configure:8672: test -z 
			 || test ! -s conftest.err
configure:8675: $? = 0
configure:8678: test -s conftest.o
configure:8681: $? = 0
configure:8683: result: yes
configure:8702: checking whether /opt/toolchains/uclibc-crosstools/mips-linux-uclibc/bin/gcc -Wdeclaration-after-statement is understood
configure:8730: /opt/toolchains/uclibc-crosstools/mips-linux-uclibc/bin/gcc -c -Wdeclaration-after-statement  conftest.c >&5
configure:8736: $? = 0
configure:8740: test -z 
			 || test ! -s conftest.err
configure:8743: $? = 0
configure:8746: test -s conftest.o
configure:8749: $? = 0
configure:8751: result: yes
configure:9391: creating ./config.status

## ---------------------- ##
## Running config.status. ##
## ---------------------- ##

This file was extended by config.status, which was
generated by GNU Autoconf 2.59.  Invocation command line was

  CONFIG_FILES    = 
  CONFIG_HEADERS  = 
  CONFIG_LINKS    = 
  CONFIG_COMMANDS = 
  $ ./config.status 

on dhcp-2-138-158.broadcom.com

config.status:777: creating Makefile
config.status:777: creating m4/Makefile
config.status:777: creating libutil/Makefile
config.status:777: creating libutil/tests/Makefile
config.status:777: creating libutil++/Makefile
config.status:777: creating libutil++/tests/Makefile
config.status:777: creating libop/Makefile
config.status:777: creating libop/tests/Makefile
config.status:777: creating libopt++/Makefile
config.status:777: creating libdb/Makefile
config.status:777: creating libdb/tests/Makefile
config.status:777: creating libabi/Makefile
config.status:777: creating libabi/tests/Makefile
config.status:777: creating libregex/Makefile
config.status:777: creating libregex/tests/Makefile
config.status:777: creating libregex/stl.pat
config.status:777: creating libregex/tests/mangled-name
config.status:777: creating daemon/Makefile
config.status:777: creating daemon/liblegacy/Makefile
config.status:777: creating events/Makefile
config.status:777: creating utils/Makefile
config.status:777: creating doc/Makefile
config.status:777: creating doc/xsl/catalog-1.xml
config.status:777: creating doc/oprofile.1
config.status:777: creating doc/opcontrol.1
config.status:777: creating doc/ophelp.1
config.status:777: creating doc/opreport.1
config.status:777: creating doc/opannotate.1
config.status:777: creating doc/opgprof.1
config.status:777: creating doc/oparchive.1
config.status:777: creating doc/srcdoc/Doxyfile
config.status:777: creating libpp/Makefile
config.status:777: creating pp/Makefile
config.status:777: creating gui/Makefile
config.status:777: creating gui/ui/Makefile
config.status:777: creating module/Makefile
config.status:777: creating module/x86/Makefile
config.status:777: creating module/ia64/Makefile
config.status:881: creating config.h
config.status:1185: executing depfiles commands

## ---------------- ##
## Cache variables. ##
## ---------------- ##

ac_cv_c_compiler_gnu=yes
ac_cv_cxx_compiler_gnu=yes
ac_cv_env_CC_set=set
ac_cv_env_CC_value=
ac_cv_env_CFLAGS_set=
ac_cv_env_CFLAGS_value=
ac_cv_env_CPPFLAGS_set=
ac_cv_env_CPPFLAGS_value=
ac_cv_env_CPP_set=
ac_cv_env_CPP_value=
ac_cv_env_CXXCPP_set=
ac_cv_env_CXXCPP_value=
ac_cv_env_CXXFLAGS_set=
ac_cv_env_CXXFLAGS_value=
ac_cv_env_CXX_set=
ac_cv_env_CXX_value=
ac_cv_env_LDFLAGS_set=
ac_cv_env_LDFLAGS_value=
ac_cv_env_build_alias_set=
ac_cv_env_build_alias_value=
ac_cv_env_host_alias_set=set
ac_cv_env_host_alias_value=mips-linux
ac_cv_env_target_alias_set=
ac_cv_env_target_alias_value=
ac_cv_exeext=
ac_cv_func_connect=no
ac_cv_func_gethostbyname=no
ac_cv_func_perfmonctl=no
ac_cv_func_remove=no
ac_cv_func_sched_setaffinity=no
ac_cv_func_shmat=no
ac_cv_func_xmemdup=no
ac_cv_have_x='have_x=yes 		ac_x_includes=/usr/X11R6/include ac_x_libraries=/usr/X11R6/lib'
ac_cv_header_inttypes_h=yes
ac_cv_header_libiberty_h=no
ac_cv_header_memory_h=yes
ac_cv_header_stdc=yes
ac_cv_header_stdint_h=yes
ac_cv_header_stdlib_h=yes
ac_cv_header_string_h=yes
ac_cv_header_strings_h=yes
ac_cv_header_sys_stat_h=yes
ac_cv_header_sys_types_h=yes
ac_cv_header_unistd_h=yes
ac_cv_lib_ICE_IceConnectionNumber=no
ac_cv_lib_bfd_bfd_openr=no
ac_cv_lib_bsd_gethostbyname=no
ac_cv_lib_dl_dlopen=no
ac_cv_lib_dnet_dnet_ntoa=no
ac_cv_lib_dnet_stub_dnet_ntoa=no
ac_cv_lib_iberty_cplus_demangle=no
ac_cv_lib_intl_main=no
ac_cv_lib_ipc_shmat=no
ac_cv_lib_nsl_gethostbyname=no
ac_cv_lib_popt_poptGetContext=no
ac_cv_lib_posix_remove=no
ac_cv_lib_socket_connect=no
ac_cv_objext=o
ac_cv_path_install='/usr/bin/install -c'
ac_cv_prog_AWK=gawk
ac_cv_prog_CC=/opt/toolchains/uclibc-crosstools/mips-linux-uclibc/bin/gcc
ac_cv_prog_CPP='/opt/toolchains/uclibc-crosstools/mips-linux-uclibc/bin/gcc -E'
ac_cv_prog_CXX=/opt/toolchains/uclibc-crosstools/mips-linux-uclibc/bin/g++
ac_cv_prog_CXXCPP='/opt/toolchains/uclibc-crosstools/mips-linux-uclibc/bin/g++ -E'
ac_cv_prog_LD=ld
ac_cv_prog_ac_ct_RANLIB=/opt/toolchains/uclibc-crosstools/mips-linux-uclibc/bin/ranlib
ac_cv_prog_ac_ct_STRIP=strip
ac_cv_prog_cc_g=yes
ac_cv_prog_cc_stdc=
ac_cv_prog_cxx_g=yes
ac_cv_prog_egrep='grep -E'
ac_cv_prog_make_make_set=yes
am_cv_CC_dependencies_compiler_type=gcc3
am_cv_CXX_dependencies_compiler_type=gcc3
qt_cv_dir=/usr/lib/qt3/
qt_cv_includes=/usr/lib/qt3//include
qt_cv_libraries=/usr/lib/qt3//lib
qt_cv_path_moc=/usr/lib/qt3//bin/moc
qt_cv_path_moc2=NONE
qt_cv_path_uic=/usr/lib/qt3//bin/uic

## ----------------- ##
## Output variables. ##
## ----------------- ##

ACLOCAL='${SHELL} /home/xiwang/ccase/xiwang_dev30_1/CommEngine/userapps/opensource/oprofile/missing --run aclocal-1.9'
AMDEPBACKSLASH='\'
AMDEP_FALSE='#'
AMDEP_TRUE=''
AMTAR='${SHELL} /home/xiwang/ccase/xiwang_dev30_1/CommEngine/userapps/opensource/oprofile/missing --run tar'
AUTOCONF='${SHELL} /home/xiwang/ccase/xiwang_dev30_1/CommEngine/userapps/opensource/oprofile/missing --run autoconf'
AUTOHEADER='${SHELL} /home/xiwang/ccase/xiwang_dev30_1/CommEngine/userapps/opensource/oprofile/missing --run autoheader'
AUTOMAKE='${SHELL} /home/xiwang/ccase/xiwang_dev30_1/CommEngine/userapps/opensource/oprofile/missing --run automake-1.9'
AWK='gawk'
BFD_LIBS='../libbfd/libbfd.a -liberty  '
CAT_ENTRY_END='-->'
CAT_ENTRY_START='<!--'
CC='/opt/toolchains/uclibc-crosstools/mips-linux-uclibc/bin/gcc'
CCDEPMODE='depmode=gcc3'
CFLAGS='-g -O2'
CPP='/opt/toolchains/uclibc-crosstools/mips-linux-uclibc/bin/gcc -E'
CPPFLAGS=''
CXX='/opt/toolchains/uclibc-crosstools/mips-linux-uclibc/bin/g++'
CXXCPP='/opt/toolchains/uclibc-crosstools/mips-linux-uclibc/bin/g++ -E'
CXXDEPMODE='depmode=gcc3'
CXXFLAGS='-g -O2'
CYGPATH_W='echo'
DATE='Mon 27 November 2006'
DEFS='-DHAVE_CONFIG_H'
DEPDIR='.deps'
DOCBOOK_ROOT=''
ECHO_C=''
ECHO_N='-n'
ECHO_T=''
EGREP='grep -E'
EXEEXT=''
EXTRA_CFLAGS_MODULE=' -DEXPECT_OK'
INSTALL_DATA='${INSTALL} -m 644'
INSTALL_PROGRAM='${INSTALL}'
INSTALL_SCRIPT='${INSTALL}'
INSTALL_STRIP_PROGRAM='${SHELL} $(install_sh) -c -s'
KINC=''
KSRC=''
KVERS=''
LD='ld'
LDFLAGS=' -L /opt/toolchains/uclibc-crosstools/mips-linux-uclibc/lib -Xlinker -R -Xlinker /opt/toolchains/uclibc-crosstools/mips-linux-uclibc/lib'
LIBERTY_LIBS='-liberty  '
LIBOBJS=''
LIBS=''
LTLIBOBJS=''
MAKEINFO='${SHELL} /home/xiwang/ccase/xiwang_dev30_1/CommEngine/userapps/opensource/oprofile/missing --run makeinfo'
MOC='/usr/lib/qt3//bin/moc'
MODINSTALLDIR=''
OBJEXT='o'
OPROFILE_DIR='/home/xiwang/ccase/xiwang_dev30_1/CommEngine/userapps/opensource/oprofile'
OPROFILE_MODULE_ARCH=''
OP_CFLAGS=' -W -Wall -fno-common -Wdeclaration-after-statement'
OP_CXXFLAGS=' -W -Wall -fno-common -ftemplate-depth-50'
OP_DOCDIR='/usr/local/share/doc/oprofile/'
PACKAGE='oprofile'
PACKAGE_BUGREPORT=''
PACKAGE_NAME=''
PACKAGE_STRING=''
PACKAGE_TARNAME=''
PACKAGE_VERSION=''
PATH_SEPARATOR=':'
POPT_LIBS='../libpopt/.libs/libpopt.a'
PTRDIFF_T_TYPE='int'
QT_INCLUDES='-isystem /usr/lib/qt3//include'
QT_LDFLAGS='-L/usr/lib/qt3//lib'
QT_LIB=''
QT_VERSION=''
RANLIB='/opt/toolchains/uclibc-crosstools/mips-linux-uclibc/bin/ranlib'
SET_MAKE=''
SHELL='/bin/sh'
SIZE_T_TYPE='unsigned'
STRIP='strip'
UIC='/usr/lib/qt3//bin/uic'
VERSION='0.9.1'
XML_CATALOG='/etc/xml/catalog'
XSLTPROC=''
XSLTPROC_FLAGS='--nonet'
X_CFLAGS=' -I/usr/X11R6/include'
X_EXTRA_LIBS=''
X_LIBS=' -lbfd -liberty -lpopt   -L/usr/X11R6/lib -lX11 '
X_PRE_LIBS=''
ac_ct_CC=''
ac_ct_CXX=''
ac_ct_RANLIB='/opt/toolchains/uclibc-crosstools/mips-linux-uclibc/bin/ranlib'
ac_ct_STRIP='strip'
am__fastdepCC_FALSE='#'
am__fastdepCC_TRUE=''
am__fastdepCXX_FALSE='#'
am__fastdepCXX_TRUE=''
am__include='include'
am__leading_dot='.'
am__quote=''
am__tar='${AMTAR} chof - "$$tardir"'
am__untar='${AMTAR} xf -'
bindir='${exec_prefix}/bin'
build_alias=''
datadir='${prefix}/share'
enable_abi_FALSE=''
enable_abi_TRUE='#'
exec_prefix='${prefix}'
have_qt_FALSE=''
have_qt_TRUE='#'
have_xsltproc_FALSE=''
have_xsltproc_TRUE='#'
host_alias='mips-linux'
includedir='${prefix}/include'
infodir='${prefix}/info'
install_sh='/home/xiwang/ccase/xiwang_dev30_1/CommEngine/userapps/opensource/oprofile/install-sh'
kernel_support_FALSE='#'
kernel_support_TRUE=''
libdir='${exec_prefix}/lib'
libexecdir='${exec_prefix}/libexec'
localstatedir='${prefix}/var'
mandir='${prefix}/man'
mkdir_p='mkdir -p --'
oldincludedir='/usr/include'
prefix='/usr/local'
program_transform_name='s,x,x,'
sbindir='${exec_prefix}/sbin'
sharedstatedir='${prefix}/com'
sysconfdir='${prefix}/etc'
target_alias=''
topdir='/home/xiwang/ccase/xiwang_dev30_1/CommEngine/userapps/opensource/oprofile'

## ----------- ##
## confdefs.h. ##
## ----------- ##

#define CONST_POPT 1
#define HAVE_INTTYPES_H 1
#define HAVE_LIBBFD 1
#define HAVE_LIBIBERTY 1
#define HAVE_LIBPOPT 1
#define HAVE_MEMORY_H 1
#define HAVE_STDINT_H 1
#define HAVE_STDLIB_H 1
#define HAVE_STRINGS_H 1
#define HAVE_STRING_H 1
#define HAVE_SYS_STAT_H 1
#define HAVE_SYS_TYPES_H 1
#define HAVE_UNISTD_H 1
#define MALLOC_ATTRIBUTE_OK 1
#define OP_BINDIR "/usr/local/bin/"
#define OP_DATADIR "/usr/local/share/oprofile/"
#define PACKAGE "oprofile"
#define PACKAGE_BUGREPORT ""
#define PACKAGE_NAME ""
#define PACKAGE_STRING ""
#define PACKAGE_TARNAME ""
#define PACKAGE_VERSION ""
#define STDC_HEADERS 1
#define SYNTHESIZE_SYMBOLS 0
#define TRUE_FALSE_ALREADY_DEFINED 1
#define VERSION "0.9.1"
#endif
#ifdef __cplusplus
extern "C" void std::exit (int) throw (); using std::exit;

configure: exit 0
