This file contains any messages produced by compilers while
running configure, to aid debugging if configure makes a mistake.

It was created by configure, which was
generated by GNU Autoconf 2.53.  Invocation command line was

  $ ./configure --host=mips-linux CC=/opt/toolchains/uclibc-crosstools/mips-linux-uclibc/bin/gcc

## --------- ##
## Platform. ##
## --------- ##

hostname = dhcp-2-138-158.broadcom.com
uname -m = i686
uname -r = 2.6.3-7mdksmp
uname -s = Linux
uname -v = #1 SMP Wed Mar 17 14:24:28 CET 2004

/usr/bin/uname -p = unknown
/bin/uname -X     = unknown

/bin/arch              = i686
/usr/bin/arch -k       = unknown
/usr/convex/getsysinfo = unknown
hostinfo               = unknown
/bin/machine           = unknown
/usr/bin/oslevel       = unknown
/bin/universe          = unknown

PATH: /usr/bin
PATH: /bin


## ----------- ##
## Core tests. ##
## ----------- ##

configure:1402: checking build system type
configure:1420: result: i686-pc-linux-gnu
configure:1428: checking host system type
configure:1442: result: mips-mips-linux-gnu
configure:1450: checking target system type
configure:1464: result: mips-mips-linux-gnu
configure:1494: checking for a BSD-compatible install
configure:1548: result: /usr/bin/install -c
configure:1559: checking whether build environment is sane
configure:1602: result: yes
configure:1635: checking for gawk
configure:1651: found /usr/bin/gawk
configure:1661: result: gawk
configure:1671: checking whether make sets ${MAKE}
configure:1691: result: yes
configure:1751: checking for mips-linux-strip
configure:1780: result: no
configure:1789: checking for strip
configure:1805: found /usr/bin/strip
configure:1816: result: strip
configure:1865: checking for style of include used by make
configure:1893: result: GNU
configure:1926: checking for mips-linux-gcc
configure:1952: result: /opt/toolchains/uclibc-crosstools/mips-linux-uclibc/bin/gcc
configure:2234: checking for C compiler version
configure:2237: /opt/toolchains/uclibc-crosstools/mips-linux-uclibc/bin/gcc --version </dev/null >&5
gcc (GCC) 3.4.2
Copyright (C) 2004 Free Software Foundation, Inc.
This is free software; see the source for copying conditions.  There is NO
warranty; not even for MERCHANTABILITY or FITNESS FOR A PARTICULAR PURPOSE.

configure:2240: $? = 0
configure:2242: /opt/toolchains/uclibc-crosstools/mips-linux-uclibc/bin/gcc -v </dev/null >&5
Reading specs from /opt/toolchains/uclibc-crosstools_gcc-3.4.2_uclibc-20050502//lib/gcc/mips-linux-uclibc/3.4.2/specs
Configured with: ../gcc-3.4.2/configure --prefix=/opt/toolchains/uclibc-crosstools_gcc-3.4.2_uclibc-20050502/ --target=mips-linux-uclibc --build=mips-linux --host=mips-linux --enable-target-optspace --disable-nls --with-gnu-ld --enable-shared --enable-languages=c,c++ --enable-threads --infodir=/opt/toolchains/uclibc-crosstools_gcc-3.4.2_uclibc-20050502/info --mandir=/opt/toolchains/uclibc-crosstools_gcc-3.4.2_uclibc-20050502/man --disable-__cxa_atexit --disable-checking --with-arch=mips32
Thread model: posix
gcc version 3.4.2
configure:2245: $? = 0
configure:2247: /opt/toolchains/uclibc-crosstools/mips-linux-uclibc/bin/gcc -V </dev/null >&5
gcc: `-V' option must have argument
configure:2250: $? = 1
configure:2276: checking for C compiler default output
configure:2279: /opt/toolchains/uclibc-crosstools/mips-linux-uclibc/bin/gcc    conftest.c  >&5
configure:2282: $? = 0
configure:2315: result: a.out
configure:2320: checking whether the C compiler works
configure:2326: ./a.out
./configure: line 1: ./a.out: cannot execute binary file
configure:2329: $? = 126
configure:2344: result: yes
configure:2351: checking whether we are cross compiling
configure:2353: result: yes
configure:2356: checking for suffix of executables
configure:2358: /opt/toolchains/uclibc-crosstools/mips-linux-uclibc/bin/gcc -o conftest    conftest.c  >&5
configure:2361: $? = 0
configure:2383: result: 
configure:2389: checking for suffix of object files
configure:2413: /opt/toolchains/uclibc-crosstools/mips-linux-uclibc/bin/gcc -c   conftest.c >&5
configure:2416: $? = 0
configure:2435: result: o
configure:2439: checking whether we are using the GNU C compiler
configure:2466: /opt/toolchains/uclibc-crosstools/mips-linux-uclibc/bin/gcc -c   conftest.c >&5
configure:2469: $? = 0
configure:2472: test -s conftest.o
configure:2475: $? = 0
configure:2487: result: yes
configure:2493: checking whether /opt/toolchains/uclibc-crosstools/mips-linux-uclibc/bin/gcc accepts -g
configure:2517: /opt/toolchains/uclibc-crosstools/mips-linux-uclibc/bin/gcc -c -g  conftest.c >&5
configure:2520: $? = 0
configure:2523: test -s conftest.o
configure:2526: $? = 0
configure:2536: result: yes
configure:2563: /opt/toolchains/uclibc-crosstools/mips-linux-uclibc/bin/gcc -c -g -O2  conftest.c >&5
conftest.c:2: error: parse error before "me"
configure:2566: $? = 1
configure: failed program was:
#ifndef __cplusplus
  choke me
#endif
configure:2678: checking dependency style of /opt/toolchains/uclibc-crosstools/mips-linux-uclibc/bin/gcc
configure:2740: result: gcc3
configure:2747: checking for strerror in -lcposix
configure:2780: /opt/toolchains/uclibc-crosstools/mips-linux-uclibc/bin/gcc -o conftest -g -O2   conftest.c -lcposix   >&5
/opt/toolchains/uclibc-crosstools_gcc-3.4.2_uclibc-20050502//lib/gcc/mips-linux-uclibc/3.4.2/../../../../mips-linux-uclibc/bin/ld: cannot find -lcposix
collect2: ld returned 1 exit status
configure:2783: $? = 1
configure: failed program was:
#line 2754 "configure"
#include "confdefs.h"

/* Override any gcc2 internal prototype to avoid an error.  */
#ifdef __cplusplus
extern "C"
#endif
/* We use char because int might match the return type of a gcc2
   builtin and then its argument prototype would still apply.  */
char strerror ();
#ifdef F77_DUMMY_MAIN
#  ifdef __cplusplus
     extern "C"
#  endif
   int F77_DUMMY_MAIN() { return 1; }
#endif
int
main ()
{
strerror ();
  ;
  return 0;
}
configure:2800: result: no
configure:2817: checking for mips-linux-gcc
configure:2843: result: /opt/toolchains/uclibc-crosstools/mips-linux-uclibc/bin/gcc
configure:3125: checking for C compiler version
configure:3128: /opt/toolchains/uclibc-crosstools/mips-linux-uclibc/bin/gcc --version </dev/null >&5
gcc (GCC) 3.4.2
Copyright (C) 2004 Free Software Foundation, Inc.
This is free software; see the source for copying conditions.  There is NO
warranty; not even for MERCHANTABILITY or FITNESS FOR A PARTICULAR PURPOSE.

configure:3131: $? = 0
configure:3133: /opt/toolchains/uclibc-crosstools/mips-linux-uclibc/bin/gcc -v </dev/null >&5
Reading specs from /opt/toolchains/uclibc-crosstools_gcc-3.4.2_uclibc-20050502//lib/gcc/mips-linux-uclibc/3.4.2/specs
Configured with: ../gcc-3.4.2/configure --prefix=/opt/toolchains/uclibc-crosstools_gcc-3.4.2_uclibc-20050502/ --target=mips-linux-uclibc --build=mips-linux --host=mips-linux --enable-target-optspace --disable-nls --with-gnu-ld --enable-shared --enable-languages=c,c++ --enable-threads --infodir=/opt/toolchains/uclibc-crosstools_gcc-3.4.2_uclibc-20050502/info --mandir=/opt/toolchains/uclibc-crosstools_gcc-3.4.2_uclibc-20050502/man --disable-__cxa_atexit --disable-checking --with-arch=mips32
Thread model: posix
gcc version 3.4.2
configure:3136: $? = 0
configure:3138: /opt/toolchains/uclibc-crosstools/mips-linux-uclibc/bin/gcc -V </dev/null >&5
gcc: `-V' option must have argument
configure:3141: $? = 1
configure:3144: checking whether we are using the GNU C compiler
configure:3192: result: yes
configure:3198: checking whether /opt/toolchains/uclibc-crosstools/mips-linux-uclibc/bin/gcc accepts -g
configure:3241: result: yes
configure:3268: /opt/toolchains/uclibc-crosstools/mips-linux-uclibc/bin/gcc -c -g -O2  conftest.c >&5
conftest.c:2: error: parse error before "me"
configure:3271: $? = 1
configure: failed program was:
#ifndef __cplusplus
  choke me
#endif
configure:3383: checking dependency style of /opt/toolchains/uclibc-crosstools/mips-linux-uclibc/bin/gcc
configure:3445: result: gcc3
configure:3455: checking how to run the C preprocessor
configure:3481: /opt/toolchains/uclibc-crosstools/mips-linux-uclibc/bin/gcc -E  conftest.c
configure:3487: $? = 0
configure:3514: /opt/toolchains/uclibc-crosstools/mips-linux-uclibc/bin/gcc -E  conftest.c
configure:3510:28: ac_nonexistent.h: No such file or directory
configure:3520: $? = 1
configure: failed program was:
#line 3509 "configure"
#include "confdefs.h"
#include <ac_nonexistent.h>
configure:3557: result: /opt/toolchains/uclibc-crosstools/mips-linux-uclibc/bin/gcc -E
configure:3572: /opt/toolchains/uclibc-crosstools/mips-linux-uclibc/bin/gcc -E  conftest.c
configure:3578: $? = 0
configure:3605: /opt/toolchains/uclibc-crosstools/mips-linux-uclibc/bin/gcc -E  conftest.c
configure:3601:28: ac_nonexistent.h: No such file or directory
configure:3611: $? = 1
configure: failed program was:
#line 3600 "configure"
#include "confdefs.h"
#include <ac_nonexistent.h>
configure:3652: checking whether /opt/toolchains/uclibc-crosstools/mips-linux-uclibc/bin/gcc needs -traditional
configure:3688: result: no
configure:3698: checking for /opt/toolchains/uclibc-crosstools/mips-linux-uclibc/bin/gcc option to accept ANSI C
configure:3764: /opt/toolchains/uclibc-crosstools/mips-linux-uclibc/bin/gcc  -c -g -O2  conftest.c >&5
configure:3767: $? = 0
configure:3770: test -s conftest.o
configure:3773: $? = 0
configure:3787: result: none needed
configure:3812: checking for sys/types.h
configure:3825: /opt/toolchains/uclibc-crosstools/mips-linux-uclibc/bin/gcc -c -g -O2  conftest.c >&5
configure:3828: $? = 0
configure:3831: test -s conftest.o
configure:3834: $? = 0
configure:3844: result: yes
configure:3812: checking for sys/stat.h
configure:3825: /opt/toolchains/uclibc-crosstools/mips-linux-uclibc/bin/gcc -c -g -O2  conftest.c >&5
configure:3828: $? = 0
configure:3831: test -s conftest.o
configure:3834: $? = 0
configure:3844: result: yes
configure:3812: checking for stdlib.h
configure:3825: /opt/toolchains/uclibc-crosstools/mips-linux-uclibc/bin/gcc -c -g -O2  conftest.c >&5
configure:3828: $? = 0
configure:3831: test -s conftest.o
configure:3834: $? = 0
configure:3844: result: yes
configure:3812: checking for string.h
configure:3825: /opt/toolchains/uclibc-crosstools/mips-linux-uclibc/bin/gcc -c -g -O2  conftest.c >&5
configure:3828: $? = 0
configure:3831: test -s conftest.o
configure:3834: $? = 0
configure:3844: result: yes
configure:3812: checking for memory.h
configure:3825: /opt/toolchains/uclibc-crosstools/mips-linux-uclibc/bin/gcc -c -g -O2  conftest.c >&5
configure:3828: $? = 0
configure:3831: test -s conftest.o
configure:3834: $? = 0
configure:3844: result: yes
configure:3812: checking for strings.h
configure:3825: /opt/toolchains/uclibc-crosstools/mips-linux-uclibc/bin/gcc -c -g -O2  conftest.c >&5
configure:3828: $? = 0
configure:3831: test -s conftest.o
configure:3834: $? = 0
configure:3844: result: yes
configure:3812: checking for inttypes.h
configure:3825: /opt/toolchains/uclibc-crosstools/mips-linux-uclibc/bin/gcc -c -g -O2  conftest.c >&5
configure:3828: $? = 0
configure:3831: test -s conftest.o
configure:3834: $? = 0
configure:3844: result: yes
configure:3812: checking for stdint.h
configure:3825: /opt/toolchains/uclibc-crosstools/mips-linux-uclibc/bin/gcc -c -g -O2  conftest.c >&5
configure:3828: $? = 0
configure:3831: test -s conftest.o
configure:3834: $? = 0
configure:3844: result: yes
configure:3812: checking for unistd.h
configure:3825: /opt/toolchains/uclibc-crosstools/mips-linux-uclibc/bin/gcc -c -g -O2  conftest.c >&5
configure:3828: $? = 0
configure:3831: test -s conftest.o
configure:3834: $? = 0
configure:3844: result: yes
configure:3858: checking for function prototypes
configure:3861: result: yes
configure:3875: checking for ANSI C header files
configure:3889: /opt/toolchains/uclibc-crosstools/mips-linux-uclibc/bin/gcc -E  conftest.c
configure:3895: $? = 0
configure:4002: result: yes
configure:4017: checking for string.h
configure:4022: result: yes
configure:4216: checking for ld used by GCC
configure:4279: result: /opt/toolchains/uclibc-crosstools_gcc-3.4.2_uclibc-20050502//mips-linux-uclibc/bin/ld
configure:4288: checking if the linker (/opt/toolchains/uclibc-crosstools_gcc-3.4.2_uclibc-20050502//mips-linux-uclibc/bin/ld) is GNU ld
GNU ld version 2.15.94.0.2.2 20041220
configure:4300: result: yes
configure:4305: checking for /opt/toolchains/uclibc-crosstools_gcc-3.4.2_uclibc-20050502//mips-linux-uclibc/bin/ld option to reload object files
configure:4312: result: -r
configure:4317: checking for BSD-compatible nm
configure:4353: result: nm
configure:4356: checking whether ln -s works
configure:4360: result: yes
configure:4367: checking how to recognise dependant libraries
configure:4545: result: file_magic ELF [0-9][0-9]*-bit [LM]SB (shared object|dynamic lib )
configure:4557: checking command to parse nm output
configure:4638: /opt/toolchains/uclibc-crosstools/mips-linux-uclibc/bin/gcc -c -g -O2  conftest.c >&5
configure:4641: $? = 0
configure:4645: nm conftest.o \| sed -n -e 's/^.*[ 	]\([ABCDGISTW][ABCDGISTW]*\)[ 	][ 	]*\(\)\([_A-Za-z][_A-Za-z0-9]*\)$/\1 \2\3 \3/p' \> conftest.nm
nm: conftest.o: Bad value
configure:4648: $? = 0
cannot run sed -n -e 's/^.*[ 	]\([ABCDGISTW][ABCDGISTW]*\)[ 	][ 	]*\(\)\([_A-Za-z][_A-Za-z0-9]*\)$/\1 \2\3 \3/p'
configure:4638: /opt/toolchains/uclibc-crosstools/mips-linux-uclibc/bin/gcc -c -g -O2  conftest.c >&5
configure:4641: $? = 0
configure:4645: nm conftest.o \| sed -n -e 's/^.*[ 	]\([ABCDGISTW][ABCDGISTW]*\)[ 	][ 	]*\(_\)\([_A-Za-z][_A-Za-z0-9]*\)$/\1 \2\3 \3/p' \> conftest.nm
nm: conftest.o: Bad value
configure:4648: $? = 0
cannot run sed -n -e 's/^.*[ 	]\([ABCDGISTW][ABCDGISTW]*\)[ 	][ 	]*\(_\)\([_A-Za-z][_A-Za-z0-9]*\)$/\1 \2\3 \3/p'
configure:4744: result: failed
configure:4765: checking dlfcn.h usability
configure:4774: /opt/toolchains/uclibc-crosstools/mips-linux-uclibc/bin/gcc -c -g -O2  conftest.c >&5
configure:4777: $? = 0
configure:4780: test -s conftest.o
configure:4783: $? = 0
configure:4792: result: yes
configure:4796: checking dlfcn.h presence
configure:4803: /opt/toolchains/uclibc-crosstools/mips-linux-uclibc/bin/gcc -E  conftest.c
configure:4809: $? = 0
configure:4827: result: yes
configure:4845: checking for dlfcn.h
configure:4852: result: yes
configure:4873: checking for mips-linux-file
configure:4931: result: no
configure:4937: checking for file
configure:4992: result: /usr/bin/file
configure:5011: checking for mips-linux-ranlib
configure:5040: result: no
configure:5049: checking for ranlib
configure:5068: found /usr/bin/ranlib
configure:5079: result: /opt/toolchains/uclibc-crosstools/mips-linux-uclibc/bin/ranlib
configure:5094: checking for mips-linux-strip
configure:5120: result: strip
configure:5370: checking for objdir
configure:5381: result: .libs
configure:5398: checking for /opt/toolchains/uclibc-crosstools/mips-linux-uclibc/bin/gcc option to produce PIC
configure:5548: result: -fPIC
configure:5552: checking if /opt/toolchains/uclibc-crosstools/mips-linux-uclibc/bin/gcc PIC flag -fPIC works
configure:5578: /opt/toolchains/uclibc-crosstools/mips-linux-uclibc/bin/gcc -c -g -O2 -fPIC -DPIC  conftest.c >&5
configure:5581: $? = 0
configure:5584: test -s conftest.o
configure:5587: $? = 0
configure:5624: result: yes
configure:5640: checking if /opt/toolchains/uclibc-crosstools/mips-linux-uclibc/bin/gcc static flag -static works
configure:5667: /opt/toolchains/uclibc-crosstools/mips-linux-uclibc/bin/gcc -o conftest -g -O2   -static conftest.c  >&5
configure:5670: $? = 0
configure:5673: test -s conftest
configure:5676: $? = 0
configure:5691: result: yes
configure:5703: checking if /opt/toolchains/uclibc-crosstools/mips-linux-uclibc/bin/gcc supports -c -o file.o
configure:5722: /opt/toolchains/uclibc-crosstools/mips-linux-uclibc/bin/gcc -c -g -O2 -o out/conftest2.o  conftest.c >&5
configure:5747: result: yes
configure:5752: checking if /opt/toolchains/uclibc-crosstools/mips-linux-uclibc/bin/gcc supports -c -o file.lo
configure:5782: /opt/toolchains/uclibc-crosstools/mips-linux-uclibc/bin/gcc -c -g -O2 -c -o conftest.lo  conftest.c >&5
configure:5785: $? = 0
configure:5788: test -s conftest.lo
configure:5791: $? = 0
configure:5812: result: yes
configure:5843: checking if /opt/toolchains/uclibc-crosstools/mips-linux-uclibc/bin/gcc supports -fno-rtti -fno-exceptions
configure:5868: /opt/toolchains/uclibc-crosstools/mips-linux-uclibc/bin/gcc -c -g -O2 -fno-rtti -fno-exceptions -c conftest.c  conftest.c >&5
cc1: warning: command line option "-fno-rtti" is valid for C++/ObjC++ but not for C
cc1: warning: command line option "-fno-rtti" is valid for C++/ObjC++ but not for C
configure:5871: $? = 0
configure:5874: test -s conftest.o
configure:5877: $? = 0
configure:5893: result: yes
configure:5904: checking whether the linker (/opt/toolchains/uclibc-crosstools_gcc-3.4.2_uclibc-20050502//mips-linux-uclibc/bin/ld) supports shared libraries
configure:6584: result: yes
configure:6589: checking how to hardcode library paths into programs
configure:6613: result: immediate
configure:6618: checking whether stripping libraries is possible
configure:6623: result: yes
configure:6634: checking dynamic linker characteristics
configure:7027: result: GNU/Linux ld.so
configure:7032: checking if libtool supports shared libraries
configure:7034: result: yes
configure:7037: checking whether to build shared libraries
configure:7058: result: yes
configure:7061: checking whether to build static libraries
configure:7065: result: yes
configure:7727: checking whether -lc should be explicitly linked in
configure:7735: /opt/toolchains/uclibc-crosstools/mips-linux-uclibc/bin/gcc -c -g -O2  conftest.c >&5
configure:7738: $? = 0
configure:7752: /opt/toolchains/uclibc-crosstools/mips-linux-uclibc/bin/gcc -shared conftest.o  -v -Wl,-soname -Wl,conftest -o conftest 2\>\&1 \| grep  -lc  \>/dev/null 2\>\&1
configure:7755: $? = 0
configure:7768: result: no
configure:8351: checking for a BSD-compatible install
configure:8405: result: /usr/bin/install -c
configure:8461: checking alloca.h usability
configure:8470: /opt/toolchains/uclibc-crosstools/mips-linux-uclibc/bin/gcc -c -g -O2  conftest.c >&5
configure:8473: $? = 0
configure:8476: test -s conftest.o
configure:8479: $? = 0
configure:8488: result: yes
configure:8492: checking alloca.h presence
configure:8499: /opt/toolchains/uclibc-crosstools/mips-linux-uclibc/bin/gcc -E  conftest.c
configure:8505: $? = 0
configure:8523: result: yes
configure:8541: checking for alloca.h
configure:8548: result: yes
configure:8461: checking float.h usability
configure:8470: /opt/toolchains/uclibc-crosstools/mips-linux-uclibc/bin/gcc -c -g -O2  conftest.c >&5
configure:8473: $? = 0
configure:8476: test -s conftest.o
configure:8479: $? = 0
configure:8488: result: yes
configure:8492: checking float.h presence
configure:8499: /opt/toolchains/uclibc-crosstools/mips-linux-uclibc/bin/gcc -E  conftest.c
configure:8505: $? = 0
configure:8523: result: yes
configure:8541: checking for float.h
configure:8548: result: yes
configure:8461: checking libintl.h usability
configure:8470: /opt/toolchains/uclibc-crosstools/mips-linux-uclibc/bin/gcc -c -g -O2  conftest.c >&5
configure:8498:21: libintl.h: No such file or directory
configure:8473: $? = 1
configure: failed program was:
#line 8463 "configure"
#include "confdefs.h"
#include <stdio.h>
#if HAVE_SYS_TYPES_H
# include <sys/types.h>
#endif
#if HAVE_SYS_STAT_H
# include <sys/stat.h>
#endif
#if STDC_HEADERS
# include <stdlib.h>
# include <stddef.h>
#else
# if HAVE_STDLIB_H
#  include <stdlib.h>
# endif
#endif
#if HAVE_STRING_H
# if !STDC_HEADERS && HAVE_MEMORY_H
#  include <memory.h>
# endif
# include <string.h>
#endif
#if HAVE_STRINGS_H
# include <strings.h>
#endif
#if HAVE_INTTYPES_H
# include <inttypes.h>
#else
# if HAVE_STDINT_H
#  include <stdint.h>
# endif
#endif
#if HAVE_UNISTD_H
# include <unistd.h>
#endif
#include <libintl.h>
configure:8488: result: no
configure:8492: checking libintl.h presence
configure:8499: /opt/toolchains/uclibc-crosstools/mips-linux-uclibc/bin/gcc -E  conftest.c
configure:8495:21: libintl.h: No such file or directory
configure:8505: $? = 1
configure: failed program was:
#line 8494 "configure"
#include "confdefs.h"
#include <libintl.h>
configure:8523: result: no
configure:8541: checking for libintl.h
configure:8548: result: no
configure:8461: checking mcheck.h usability
configure:8470: /opt/toolchains/uclibc-crosstools/mips-linux-uclibc/bin/gcc -c -g -O2  conftest.c >&5
configure:8498:20: mcheck.h: No such file or directory
configure:8473: $? = 1
configure: failed program was:
#line 8463 "configure"
#include "confdefs.h"
#include <stdio.h>
#if HAVE_SYS_TYPES_H
# include <sys/types.h>
#endif
#if HAVE_SYS_STAT_H
# include <sys/stat.h>
#endif
#if STDC_HEADERS
# include <stdlib.h>
# include <stddef.h>
#else
# if HAVE_STDLIB_H
#  include <stdlib.h>
# endif
#endif
#if HAVE_STRING_H
# if !STDC_HEADERS && HAVE_MEMORY_H
#  include <memory.h>
# endif
# include <string.h>
#endif
#if HAVE_STRINGS_H
# include <strings.h>
#endif
#if HAVE_INTTYPES_H
# include <inttypes.h>
#else
# if HAVE_STDINT_H
#  include <stdint.h>
# endif
#endif
#if HAVE_UNISTD_H
# include <unistd.h>
#endif
#include <mcheck.h>
configure:8488: result: no
configure:8492: checking mcheck.h presence
configure:8499: /opt/toolchains/uclibc-crosstools/mips-linux-uclibc/bin/gcc -E  conftest.c
configure:8495:20: mcheck.h: No such file or directory
configure:8505: $? = 1
configure: failed program was:
#line 8494 "configure"
#include "confdefs.h"
#include <mcheck.h>
configure:8523: result: no
configure:8541: checking for mcheck.h
configure:8548: result: no
configure:8452: checking for unistd.h
configure:8457: result: yes
configure:8561: checking for /usr/ucblib in LIBS
configure:8573: result: no
configure:8579: checking for GNU xgettext
configure:8588: result: yes
configure:8599: checking for strerror
configure:8642: /opt/toolchains/uclibc-crosstools/mips-linux-uclibc/bin/gcc -o conftest -g -O2   conftest.c  >&5
configure:8645: $? = 0
configure:8648: test -s conftest
configure:8651: $? = 0
configure:8661: result: yes
configure:8599: checking for mtrace
configure:8642: /opt/toolchains/uclibc-crosstools/mips-linux-uclibc/bin/gcc -o conftest -g -O2   conftest.c  >&5
/home/xiwang/tmp/ccittIii.o(.text+0xc): In function `main':
/home/xiwang/ccase/xiwang_dev30_1/CommEngine/userapps/opensource/oprofile/libpopt/configure:8632: undefined reference to `mtrace'
collect2: ld returned 1 exit status
configure:8645: $? = 1
configure: failed program was:
#line 8604 "configure"
#include "confdefs.h"
/* System header to define __stub macros and hopefully few prototypes,
    which can conflict with char mtrace (); below.  */
#include <assert.h>
/* Override any gcc2 internal prototype to avoid an error.  */
#ifdef __cplusplus
extern "C"
#endif
/* We use char because int might match the return type of a gcc2
   builtin and then its argument prototype would still apply.  */
char mtrace ();
char (*f) ();

#ifdef F77_DUMMY_MAIN
#  ifdef __cplusplus
     extern "C"
#  endif
   int F77_DUMMY_MAIN() { return 1; }
#endif
int
main ()
{
/* The GNU C library defines this for functions which it implements
    to always fail with ENOSYS.  Some functions are actually named
    something starting with __ and the normal name is an alias.  */
#if defined (__stub_mtrace) || defined (__stub___mtrace)
choke me
#else
f = mtrace;
#endif

  ;
  return 0;
}
configure:8661: result: no
configure:8599: checking for getuid
configure:8642: /opt/toolchains/uclibc-crosstools/mips-linux-uclibc/bin/gcc -o conftest -g -O2   conftest.c  >&5
configure:8645: $? = 0
configure:8648: test -s conftest
configure:8651: $? = 0
configure:8661: result: yes
configure:8599: checking for geteuid
configure:8642: /opt/toolchains/uclibc-crosstools/mips-linux-uclibc/bin/gcc -o conftest -g -O2   conftest.c  >&5
configure:8645: $? = 0
configure:8648: test -s conftest
configure:8651: $? = 0
configure:8661: result: yes
configure:8671: checking for setreuid
configure:8714: /opt/toolchains/uclibc-crosstools/mips-linux-uclibc/bin/gcc -o conftest -g -O2   conftest.c  >&5
configure:8717: $? = 0
configure:8720: test -s conftest
configure:8723: $? = 0
configure:8733: result: yes
configure:8817: checking for msgfmt
configure:8845: result: /usr/bin/msgfmt
configure:8854: checking for gmsgfmt
configure:8885: result: /usr/bin/msgfmt
configure:8895: checking for xgettext
configure:8923: result: /usr/bin/xgettext
configure:8934: checking for msgmerge
configure:8961: result: /usr/bin/msgmerge
configure:8999: checking for mips-linux-ranlib
configure:9025: result: /opt/toolchains/uclibc-crosstools/mips-linux-uclibc/bin/ranlib
configure:9076: checking for /opt/toolchains/uclibc-crosstools/mips-linux-uclibc/bin/gcc option to accept ANSI C
configure:9139: /opt/toolchains/uclibc-crosstools/mips-linux-uclibc/bin/gcc  -c -g -O2  conftest.c >&5
configure:9142: $? = 0
configure:9145: test -s conftest.o
configure:9148: $? = 0
configure:9165: result: none needed
configure:9173: checking for an ANSI C-conforming const
configure:9243: /opt/toolchains/uclibc-crosstools/mips-linux-uclibc/bin/gcc -c -g -O2  conftest.c >&5
configure:9246: $? = 0
configure:9249: test -s conftest.o
configure:9252: $? = 0
configure:9262: result: yes
configure:9272: checking for inline
configure:9289: /opt/toolchains/uclibc-crosstools/mips-linux-uclibc/bin/gcc -c -g -O2  conftest.c >&5
configure:9292: $? = 0
configure:9295: test -s conftest.o
configure:9298: $? = 0
configure:9309: result: inline
configure:9324: checking for off_t
configure:9351: /opt/toolchains/uclibc-crosstools/mips-linux-uclibc/bin/gcc -c -g -O2  conftest.c >&5
configure:9354: $? = 0
configure:9357: test -s conftest.o
configure:9360: $? = 0
configure:9370: result: yes
configure:9382: checking for size_t
configure:9409: /opt/toolchains/uclibc-crosstools/mips-linux-uclibc/bin/gcc -c -g -O2  conftest.c >&5
configure:9412: $? = 0
configure:9415: test -s conftest.o
configure:9418: $? = 0
configure:9428: result: yes
configure:9442: checking for working alloca.h
configure:9466: /opt/toolchains/uclibc-crosstools/mips-linux-uclibc/bin/gcc -o conftest -g -O2   conftest.c  >&5
configure:9469: $? = 0
configure:9472: test -s conftest
configure:9475: $? = 0
configure:9485: result: yes
configure:9495: checking for alloca
configure:9539: /opt/toolchains/uclibc-crosstools/mips-linux-uclibc/bin/gcc -o conftest -g -O2   conftest.c  >&5
configure:9542: $? = 0
configure:9545: test -s conftest
configure:9548: $? = 0
configure:9558: result: yes
configure:9754: checking for stdlib.h
configure:9759: result: yes
configure:9754: checking for unistd.h
configure:9759: result: yes
configure:9867: checking for getpagesize
configure:9910: /opt/toolchains/uclibc-crosstools/mips-linux-uclibc/bin/gcc -o conftest -g -O2   conftest.c  >&5
configure:9913: $? = 0
configure:9916: test -s conftest
configure:9919: $? = 0
configure:9929: result: yes
configure:9939: checking for working mmap
configure:10099: result: no
configure:10111: checking whether we are using the GNU C Library 2.1 or newer
configure:10139: result: yes
configure:10147: checking whether integer division by zero raises SIGFPE
configure:10228: result: guessing no
configure:10241: checking for inttypes.h
configure:10266: /opt/toolchains/uclibc-crosstools/mips-linux-uclibc/bin/gcc -c -g -O2  conftest.c >&5
configure:10269: $? = 0
configure:10272: test -s conftest.o
configure:10275: $? = 0
configure:10285: result: yes
configure:10296: checking for stdint.h
configure:10321: /opt/toolchains/uclibc-crosstools/mips-linux-uclibc/bin/gcc -c -g -O2  conftest.c >&5
configure:10324: $? = 0
configure:10327: test -s conftest.o
configure:10330: $? = 0
configure:10340: result: yes
configure:10351: checking for unsigned long long
configure:10376: /opt/toolchains/uclibc-crosstools/mips-linux-uclibc/bin/gcc -o conftest -g -O2   conftest.c  >&5
configure:10379: $? = 0
configure:10382: test -s conftest
configure:10385: $? = 0
configure:10395: result: yes
configure:10421: checking for inttypes.h
configure:10447: /opt/toolchains/uclibc-crosstools/mips-linux-uclibc/bin/gcc -c -g -O2  conftest.c >&5
configure:10450: $? = 0
configure:10453: test -s conftest.o
configure:10456: $? = 0
configure:10467: result: yes
configure:10480: checking whether the inttypes.h PRIxNN macros are broken
configure:10509: /opt/toolchains/uclibc-crosstools/mips-linux-uclibc/bin/gcc -c -g -O2  conftest.c >&5
configure:10512: $? = 0
configure:10515: test -s conftest.o
configure:10518: $? = 0
configure:10529: result: no
configure:10567: checking for ld used by GCC
configure:10630: result: /opt/toolchains/uclibc-crosstools_gcc-3.4.2_uclibc-20050502//mips-linux-uclibc/bin/ld
configure:10639: checking if the linker (/opt/toolchains/uclibc-crosstools_gcc-3.4.2_uclibc-20050502//mips-linux-uclibc/bin/ld) is GNU ld
GNU ld version 2.15.94.0.2.2 20041220
configure:10651: result: yes
configure:10657: checking for shared library run path origin
configure:10670: result: done
configure:11098: checking argz.h usability
configure:11107: /opt/toolchains/uclibc-crosstools/mips-linux-uclibc/bin/gcc -c -g -O2  conftest.c >&5
configure:11135:18: argz.h: No such file or directory
configure:11110: $? = 1
configure: failed program was:
#line 11100 "configure"
#include "confdefs.h"
#include <stdio.h>
#if HAVE_SYS_TYPES_H
# include <sys/types.h>
#endif
#if HAVE_SYS_STAT_H
# include <sys/stat.h>
#endif
#if STDC_HEADERS
# include <stdlib.h>
# include <stddef.h>
#else
# if HAVE_STDLIB_H
#  include <stdlib.h>
# endif
#endif
#if HAVE_STRING_H
# if !STDC_HEADERS && HAVE_MEMORY_H
#  include <memory.h>
# endif
# include <string.h>
#endif
#if HAVE_STRINGS_H
# include <strings.h>
#endif
#if HAVE_INTTYPES_H
# include <inttypes.h>
#else
# if HAVE_STDINT_H
#  include <stdint.h>
# endif
#endif
#if HAVE_UNISTD_H
# include <unistd.h>
#endif
#include <argz.h>
configure:11125: result: no
configure:11129: checking argz.h presence
configure:11136: /opt/toolchains/uclibc-crosstools/mips-linux-uclibc/bin/gcc -E  conftest.c
configure:11132:18: argz.h: No such file or directory
configure:11142: $? = 1
configure: failed program was:
#line 11131 "configure"
#include "confdefs.h"
#include <argz.h>
configure:11160: result: no
configure:11178: checking for argz.h
configure:11185: result: no
configure:11098: checking limits.h usability
configure:11107: /opt/toolchains/uclibc-crosstools/mips-linux-uclibc/bin/gcc -c -g -O2  conftest.c >&5
configure:11110: $? = 0
configure:11113: test -s conftest.o
configure:11116: $? = 0
configure:11125: result: yes
configure:11129: checking limits.h presence
configure:11136: /opt/toolchains/uclibc-crosstools/mips-linux-uclibc/bin/gcc -E  conftest.c
configure:11142: $? = 0
configure:11160: result: yes
configure:11178: checking for limits.h
configure:11185: result: yes
configure:11098: checking locale.h usability
configure:11107: /opt/toolchains/uclibc-crosstools/mips-linux-uclibc/bin/gcc -c -g -O2  conftest.c >&5
configure:11110: $? = 0
configure:11113: test -s conftest.o
configure:11116: $? = 0
configure:11125: result: yes
configure:11129: checking locale.h presence
configure:11136: /opt/toolchains/uclibc-crosstools/mips-linux-uclibc/bin/gcc -E  conftest.c
configure:11142: $? = 0
configure:11160: result: yes
configure:11178: checking for locale.h
configure:11185: result: yes
configure:11098: checking nl_types.h usability
configure:11107: /opt/toolchains/uclibc-crosstools/mips-linux-uclibc/bin/gcc -c -g -O2  conftest.c >&5
configure:11110: $? = 0
configure:11113: test -s conftest.o
configure:11116: $? = 0
configure:11125: result: yes
configure:11129: checking nl_types.h presence
configure:11136: /opt/toolchains/uclibc-crosstools/mips-linux-uclibc/bin/gcc -E  conftest.c
configure:11142: $? = 0
configure:11160: result: yes
configure:11178: checking for nl_types.h
configure:11185: result: yes
configure:11098: checking malloc.h usability
configure:11107: /opt/toolchains/uclibc-crosstools/mips-linux-uclibc/bin/gcc -c -g -O2  conftest.c >&5
configure:11110: $? = 0
configure:11113: test -s conftest.o
configure:11116: $? = 0
configure:11125: result: yes
configure:11129: checking malloc.h presence
configure:11136: /opt/toolchains/uclibc-crosstools/mips-linux-uclibc/bin/gcc -E  conftest.c
configure:11142: $? = 0
configure:11160: result: yes
configure:11178: checking for malloc.h
configure:11185: result: yes
configure:11098: checking stddef.h usability
configure:11107: /opt/toolchains/uclibc-crosstools/mips-linux-uclibc/bin/gcc -c -g -O2  conftest.c >&5
configure:11110: $? = 0
configure:11113: test -s conftest.o
configure:11116: $? = 0
configure:11125: result: yes
configure:11129: checking stddef.h presence
configure:11136: /opt/toolchains/uclibc-crosstools/mips-linux-uclibc/bin/gcc -E  conftest.c
configure:11142: $? = 0
configure:11160: result: yes
configure:11178: checking for stddef.h
configure:11185: result: yes
configure:11089: checking for stdlib.h
configure:11094: result: yes
configure:11089: checking for string.h
configure:11094: result: yes
configure:11089: checking for unistd.h
configure:11094: result: yes
configure:11098: checking sys/param.h usability
configure:11107: /opt/toolchains/uclibc-crosstools/mips-linux-uclibc/bin/gcc -c -g -O2  conftest.c >&5
configure:11110: $? = 0
configure:11113: test -s conftest.o
configure:11116: $? = 0
configure:11125: result: yes
configure:11129: checking sys/param.h presence
configure:11136: /opt/toolchains/uclibc-crosstools/mips-linux-uclibc/bin/gcc -E  conftest.c
configure:11142: $? = 0
configure:11160: result: yes
configure:11178: checking for sys/param.h
configure:11185: result: yes
configure:11224: checking for feof_unlocked
configure:11267: /opt/toolchains/uclibc-crosstools/mips-linux-uclibc/bin/gcc -o conftest -g -O2   conftest.c  >&5
configure:11270: $? = 0
configure:11273: test -s conftest
configure:11276: $? = 0
configure:11286: result: yes
configure:11224: checking for fgets_unlocked
configure:11267: /opt/toolchains/uclibc-crosstools/mips-linux-uclibc/bin/gcc -o conftest -g -O2   conftest.c  >&5
configure:11270: $? = 0
configure:11273: test -s conftest
configure:11276: $? = 0
configure:11286: result: yes
configure:11224: checking for getc_unlocked
configure:11267: /opt/toolchains/uclibc-crosstools/mips-linux-uclibc/bin/gcc -o conftest -g -O2   conftest.c  >&5
configure:11270: $? = 0
configure:11273: test -s conftest
configure:11276: $? = 0
configure:11286: result: yes
configure:11224: checking for getcwd
configure:11267: /opt/toolchains/uclibc-crosstools/mips-linux-uclibc/bin/gcc -o conftest -g -O2   conftest.c  >&5
configure:11270: $? = 0
configure:11273: test -s conftest
configure:11276: $? = 0
configure:11286: result: yes
configure:11224: checking for getegid
configure:11267: /opt/toolchains/uclibc-crosstools/mips-linux-uclibc/bin/gcc -o conftest -g -O2   conftest.c  >&5
configure:11270: $? = 0
configure:11273: test -s conftest
configure:11276: $? = 0
configure:11286: result: yes
configure:11224: checking for geteuid
configure:11286: result: yes
configure:11224: checking for getgid
configure:11267: /opt/toolchains/uclibc-crosstools/mips-linux-uclibc/bin/gcc -o conftest -g -O2   conftest.c  >&5
configure:11270: $? = 0
configure:11273: test -s conftest
configure:11276: $? = 0
configure:11286: result: yes
configure:11224: checking for getuid
configure:11286: result: yes
configure:11224: checking for mempcpy
configure:11267: /opt/toolchains/uclibc-crosstools/mips-linux-uclibc/bin/gcc -o conftest -g -O2   conftest.c  >&5
configure:11239: warning: conflicting types for built-in function 'mempcpy'
configure:11270: $? = 0
configure:11273: test -s conftest
configure:11276: $? = 0
configure:11286: result: yes
configure:11224: checking for munmap
configure:11267: /opt/toolchains/uclibc-crosstools/mips-linux-uclibc/bin/gcc -o conftest -g -O2   conftest.c  >&5
configure:11270: $? = 0
configure:11273: test -s conftest
configure:11276: $? = 0
configure:11286: result: yes
configure:11224: checking for putenv
configure:11267: /opt/toolchains/uclibc-crosstools/mips-linux-uclibc/bin/gcc -o conftest -g -O2   conftest.c  >&5
configure:11270: $? = 0
configure:11273: test -s conftest
configure:11276: $? = 0
configure:11286: result: yes
configure:11224: checking for setenv
configure:11267: /opt/toolchains/uclibc-crosstools/mips-linux-uclibc/bin/gcc -o conftest -g -O2   conftest.c  >&5
configure:11270: $? = 0
configure:11273: test -s conftest
configure:11276: $? = 0
configure:11286: result: yes
configure:11224: checking for setlocale
configure:11267: /opt/toolchains/uclibc-crosstools/mips-linux-uclibc/bin/gcc -o conftest -g -O2   conftest.c  >&5
configure:11270: $? = 0
configure:11273: test -s conftest
configure:11276: $? = 0
configure:11286: result: yes
configure:11224: checking for stpcpy
configure:11267: /opt/toolchains/uclibc-crosstools/mips-linux-uclibc/bin/gcc -o conftest -g -O2   conftest.c  >&5
configure:11239: warning: conflicting types for built-in function 'stpcpy'
configure:11270: $? = 0
configure:11273: test -s conftest
configure:11276: $? = 0
configure:11286: result: yes
configure:11224: checking for strcasecmp
configure:11267: /opt/toolchains/uclibc-crosstools/mips-linux-uclibc/bin/gcc -o conftest -g -O2   conftest.c  >&5
configure:11270: $? = 0
configure:11273: test -s conftest
configure:11276: $? = 0
configure:11286: result: yes
configure:11224: checking for strdup
configure:11267: /opt/toolchains/uclibc-crosstools/mips-linux-uclibc/bin/gcc -o conftest -g -O2   conftest.c  >&5
configure:11239: warning: conflicting types for built-in function 'strdup'
configure:11270: $? = 0
configure:11273: test -s conftest
configure:11276: $? = 0
configure:11286: result: yes
configure:11224: checking for strtoul
configure:11267: /opt/toolchains/uclibc-crosstools/mips-linux-uclibc/bin/gcc -o conftest -g -O2   conftest.c  >&5
configure:11270: $? = 0
configure:11273: test -s conftest
configure:11276: $? = 0
configure:11286: result: yes
configure:11224: checking for tsearch
configure:11267: /opt/toolchains/uclibc-crosstools/mips-linux-uclibc/bin/gcc -o conftest -g -O2   conftest.c  >&5
configure:11270: $? = 0
configure:11273: test -s conftest
configure:11276: $? = 0
configure:11286: result: yes
configure:11224: checking for __argz_count
configure:11267: /opt/toolchains/uclibc-crosstools/mips-linux-uclibc/bin/gcc -o conftest -g -O2   conftest.c  >&5
/home/xiwang/tmp/ccMHS4MB.o(.text+0xc): In function `main':
/home/xiwang/ccase/xiwang_dev30_1/CommEngine/userapps/opensource/oprofile/libpopt/configure:11257: undefined reference to `__argz_count'
collect2: ld returned 1 exit status
configure:11270: $? = 1
configure: failed program was:
#line 11229 "configure"
#include "confdefs.h"
/* System header to define __stub macros and hopefully few prototypes,
    which can conflict with char __argz_count (); below.  */
#include <assert.h>
/* Override any gcc2 internal prototype to avoid an error.  */
#ifdef __cplusplus
extern "C"
#endif
/* We use char because int might match the return type of a gcc2
   builtin and then its argument prototype would still apply.  */
char __argz_count ();
char (*f) ();

#ifdef F77_DUMMY_MAIN
#  ifdef __cplusplus
     extern "C"
#  endif
   int F77_DUMMY_MAIN() { return 1; }
#endif
int
main ()
{
/* The GNU C library defines this for functions which it implements
    to always fail with ENOSYS.  Some functions are actually named
    something starting with __ and the normal name is an alias.  */
#if defined (__stub___argz_count) || defined (__stub_____argz_count)
choke me
#else
f = __argz_count;
#endif

  ;
  return 0;
}
configure:11286: result: no
configure:11224: checking for __argz_stringify
configure:11267: /opt/toolchains/uclibc-crosstools/mips-linux-uclibc/bin/gcc -o conftest -g -O2   conftest.c  >&5
/home/xiwang/tmp/ccwbbbkK.o(.text+0xc): In function `main':
/home/xiwang/ccase/xiwang_dev30_1/CommEngine/userapps/opensource/oprofile/libpopt/configure:11257: undefined reference to `__argz_stringify'
collect2: ld returned 1 exit status
configure:11270: $? = 1
configure: failed program was:
#line 11229 "configure"
#include "confdefs.h"
/* System header to define __stub macros and hopefully few prototypes,
    which can conflict with char __argz_stringify (); below.  */
#include <assert.h>
/* Override any gcc2 internal prototype to avoid an error.  */
#ifdef __cplusplus
extern "C"
#endif
/* We use char because int might match the return type of a gcc2
   builtin and then its argument prototype would still apply.  */
char __argz_stringify ();
char (*f) ();

#ifdef F77_DUMMY_MAIN
#  ifdef __cplusplus
     extern "C"
#  endif
   int F77_DUMMY_MAIN() { return 1; }
#endif
int
main ()
{
/* The GNU C library defines this for functions which it implements
    to always fail with ENOSYS.  Some functions are actually named
    something starting with __ and the normal name is an alias.  */
#if defined (__stub___argz_stringify) || defined (__stub_____argz_stringify)
choke me
#else
f = __argz_stringify;
#endif

  ;
  return 0;
}
configure:11286: result: no
configure:11224: checking for __argz_next
configure:11267: /opt/toolchains/uclibc-crosstools/mips-linux-uclibc/bin/gcc -o conftest -g -O2   conftest.c  >&5
/home/xiwang/tmp/ccW2uf6U.o(.text+0xc): In function `main':
/home/xiwang/ccase/xiwang_dev30_1/CommEngine/userapps/opensource/oprofile/libpopt/configure:11257: undefined reference to `__argz_next'
collect2: ld returned 1 exit status
configure:11270: $? = 1
configure: failed program was:
#line 11229 "configure"
#include "confdefs.h"
/* System header to define __stub macros and hopefully few prototypes,
    which can conflict with char __argz_next (); below.  */
#include <assert.h>
/* Override any gcc2 internal prototype to avoid an error.  */
#ifdef __cplusplus
extern "C"
#endif
/* We use char because int might match the return type of a gcc2
   builtin and then its argument prototype would still apply.  */
char __argz_next ();
char (*f) ();

#ifdef F77_DUMMY_MAIN
#  ifdef __cplusplus
     extern "C"
#  endif
   int F77_DUMMY_MAIN() { return 1; }
#endif
int
main ()
{
/* The GNU C library defines this for functions which it implements
    to always fail with ENOSYS.  Some functions are actually named
    something starting with __ and the normal name is an alias.  */
#if defined (__stub___argz_next) || defined (__stub_____argz_next)
choke me
#else
f = __argz_next;
#endif

  ;
  return 0;
}
configure:11286: result: no
configure:11327: checking for iconv
configure:11357: /opt/toolchains/uclibc-crosstools/mips-linux-uclibc/bin/gcc -o conftest -g -O2   conftest.c  >&5
configure:11337:19: iconv.h: No such file or directory
configure: In function `main':
configure:11347: error: `iconv_t' undeclared (first use in this function)
configure:11347: error: (Each undeclared identifier is reported only once
configure:11347: error: for each function it appears in.)
configure:11347: error: parse error before "cd"
configure:11348: error: `cd' undeclared (first use in this function)
configure:11360: $? = 1
configure: failed program was:
#line 11335 "configure"
#include "confdefs.h"
#include <stdlib.h>
#include <iconv.h>
#ifdef F77_DUMMY_MAIN
#  ifdef __cplusplus
     extern "C"
#  endif
   int F77_DUMMY_MAIN() { return 1; }
#endif
int
main ()
{
iconv_t cd = iconv_open("","");
       iconv(cd,NULL,NULL,NULL,NULL);
       iconv_close(cd);
  ;
  return 0;
}
configure:11399: /opt/toolchains/uclibc-crosstools/mips-linux-uclibc/bin/gcc -o conftest -g -O2   conftest.c  -liconv >&5
configure:11379:19: iconv.h: No such file or directory
configure: In function `main':
configure:11389: error: `iconv_t' undeclared (first use in this function)
configure:11389: error: (Each undeclared identifier is reported only once
configure:11389: error: for each function it appears in.)
configure:11389: error: parse error before "cd"
configure:11390: error: `cd' undeclared (first use in this function)
configure:11402: $? = 1
configure: failed program was:
#line 11377 "configure"
#include "confdefs.h"
#include <stdlib.h>
#include <iconv.h>
#ifdef F77_DUMMY_MAIN
#  ifdef __cplusplus
     extern "C"
#  endif
   int F77_DUMMY_MAIN() { return 1; }
#endif
int
main ()
{
iconv_t cd = iconv_open("","");
         iconv(cd,NULL,NULL,NULL,NULL);
         iconv_close(cd);
  ;
  return 0;
}
configure:11421: result: no, consider installing GNU libiconv
configure:11515: checking for nl_langinfo and CODESET
configure:11539: /opt/toolchains/uclibc-crosstools/mips-linux-uclibc/bin/gcc -o conftest -g -O2   conftest.c  >&5
configure:11542: $? = 0
configure:11545: test -s conftest
configure:11548: $? = 0
configure:11559: result: yes
configure:11571: checking for LC_MESSAGES
configure:11595: /opt/toolchains/uclibc-crosstools/mips-linux-uclibc/bin/gcc -o conftest -g -O2   conftest.c  >&5
configure:11598: $? = 0
configure:11601: test -s conftest
configure:11604: $? = 0
configure:11614: result: yes
configure:11630: checking for bison
configure:11646: found /usr/bin/bison
configure:11656: result: bison
configure:11669: checking version of bison
configure:11678: result: 1.875, ok
configure:11699: checking whether NLS is requested
configure:11708: result: yes
configure:11723: checking whether included gettext is requested
configure:11733: result: no
configure:11744: checking for GNU gettext in libc
configure:11771: /opt/toolchains/uclibc-crosstools/mips-linux-uclibc/bin/gcc -o conftest -g -O2   conftest.c  >&5
configure:11750:21: libintl.h: No such file or directory
configure:11774: $? = 1
configure: failed program was:
#line 11749 "configure"
#include "confdefs.h"
#include <libintl.h>
extern int _nl_msg_cat_cntr;
extern int *_nl_domain_bindings;
#ifdef F77_DUMMY_MAIN
#  ifdef __cplusplus
     extern "C"
#  endif
   int F77_DUMMY_MAIN() { return 1; }
#endif
int
main ()
{
bindtextdomain ("", "");
return (int) gettext ("") + _nl_msg_cat_cntr + *_nl_domain_bindings
  ;
  return 0;
}
configure:11790: result: no
configure:12173: checking for GNU gettext in libintl
configure:12208: /opt/toolchains/uclibc-crosstools/mips-linux-uclibc/bin/gcc -o conftest -g -O2    conftest.c  -lintl >&5
configure:12183:21: libintl.h: No such file or directory
configure:12211: $? = 1
configure: failed program was:
#line 12182 "configure"
#include "confdefs.h"
#include <libintl.h>
extern int _nl_msg_cat_cntr;
extern
#ifdef __cplusplus
"C"
#endif
const char *_nl_expand_alias ();
#ifdef F77_DUMMY_MAIN
#  ifdef __cplusplus
     extern "C"
#  endif
   int F77_DUMMY_MAIN() { return 1; }
#endif
int
main ()
{
bindtextdomain ("", "");
return (int) gettext ("") + _nl_msg_cat_cntr + *_nl_expand_alias (0)
  ;
  return 0;
}
configure:12278: result: no
configure:12503: creating ./config.status

## ---------------------- ##
## Running config.status. ##
## ---------------------- ##

This file was extended by config.status, which was
generated by GNU Autoconf 2.53.  Invocation command line was

  CONFIG_FILES    = 
  CONFIG_HEADERS  = 
  CONFIG_LINKS    = 
  CONFIG_COMMANDS = 
  $ ./config.status 

on dhcp-2-138-158.broadcom.com

config.status:654: creating Doxyfile
config.status:654: creating Makefile
config.status:654: creating intl/Makefile
config.status:654: creating po/Makefile.in
config.status:758: creating config.h
config.status:1082: executing depfiles commands
config.status:1082: executing default-1 commands

## ---------------- ##
## Cache variables. ##
## ---------------- ##

ac_cv_build=i686-pc-linux-gnu
ac_cv_build_alias=i686-pc-linux-gnu
ac_cv_c_compiler_gnu=yes
ac_cv_c_const=yes
ac_cv_c_inline=inline
ac_cv_env_CC_set=set
ac_cv_env_CC_value=/opt/toolchains/uclibc-crosstools/mips-linux-uclibc/bin/gcc
ac_cv_env_CFLAGS_set=
ac_cv_env_CFLAGS_value=
ac_cv_env_CPPFLAGS_set=
ac_cv_env_CPPFLAGS_value=
ac_cv_env_CPP_set=
ac_cv_env_CPP_value=
ac_cv_env_LDFLAGS_set=
ac_cv_env_LDFLAGS_value=
ac_cv_env_build_alias_set=
ac_cv_env_build_alias_value=
ac_cv_env_host_alias_set=set
ac_cv_env_host_alias_value=mips-linux
ac_cv_env_target_alias_set=
ac_cv_env_target_alias_value=
ac_cv_exeext=
ac_cv_func___argz_count=no
ac_cv_func___argz_next=no
ac_cv_func___argz_stringify=no
ac_cv_func_alloca_works=yes
ac_cv_func_feof_unlocked=yes
ac_cv_func_fgets_unlocked=yes
ac_cv_func_getc_unlocked=yes
ac_cv_func_getcwd=yes
ac_cv_func_getegid=yes
ac_cv_func_geteuid=yes
ac_cv_func_getgid=yes
ac_cv_func_getpagesize=yes
ac_cv_func_getuid=yes
ac_cv_func_mempcpy=yes
ac_cv_func_mmap_fixed_mapped=no
ac_cv_func_mtrace=no
ac_cv_func_munmap=yes
ac_cv_func_putenv=yes
ac_cv_func_setenv=yes
ac_cv_func_setlocale=yes
ac_cv_func_setreuid=yes
ac_cv_func_stpcpy=yes
ac_cv_func_strcasecmp=yes
ac_cv_func_strdup=yes
ac_cv_func_strerror=yes
ac_cv_func_strtoul=yes
ac_cv_func_tsearch=yes
ac_cv_gnu_library_2_1=yes
ac_cv_header_alloca_h=yes
ac_cv_header_argz_h=no
ac_cv_header_dlfcn_h=yes
ac_cv_header_float_h=yes
ac_cv_header_inttypes_h=yes
ac_cv_header_libintl_h=no
ac_cv_header_limits_h=yes
ac_cv_header_locale_h=yes
ac_cv_header_malloc_h=yes
ac_cv_header_mcheck_h=no
ac_cv_header_memory_h=yes
ac_cv_header_nl_types_h=yes
ac_cv_header_stdc=yes
ac_cv_header_stddef_h=yes
ac_cv_header_stdint_h=yes
ac_cv_header_stdlib_h=yes
ac_cv_header_string_h=yes
ac_cv_header_strings_h=yes
ac_cv_header_sys_param_h=yes
ac_cv_header_sys_stat_h=yes
ac_cv_header_sys_types_h=yes
ac_cv_header_unistd_h=yes
ac_cv_host=mips-mips-linux-gnu
ac_cv_host_alias=mips-linux
ac_cv_lib_cposix_strerror=no
ac_cv_objext=o
ac_cv_path_GMSGFMT=/usr/bin/msgfmt
ac_cv_path_MSGFMT=/usr/bin/msgfmt
ac_cv_path_MSGMERGE=/usr/bin/msgmerge
ac_cv_path_XGETTEXT=/usr/bin/xgettext
ac_cv_path_install='/usr/bin/install -c'
ac_cv_prog_AWK=gawk
ac_cv_prog_CC=/opt/toolchains/uclibc-crosstools/mips-linux-uclibc/bin/gcc
ac_cv_prog_CPP='/opt/toolchains/uclibc-crosstools/mips-linux-uclibc/bin/gcc -E'
ac_cv_prog_INTLBISON=bison
ac_cv_prog_RANLIB=/opt/toolchains/uclibc-crosstools/mips-linux-uclibc/bin/ranlib
ac_cv_prog_STRIP=strip
ac_cv_prog_ac_ct_RANLIB=/opt/toolchains/uclibc-crosstools/mips-linux-uclibc/bin/ranlib
ac_cv_prog_ac_ct_STRIP=strip
ac_cv_prog_cc_g=yes
ac_cv_prog_cc_stdc=
ac_cv_prog_gcc_traditional=no
ac_cv_prog_make_make_set=yes
ac_cv_target=mips-mips-linux-gnu
ac_cv_target_alias=mips-linux
ac_cv_type_off_t=yes
ac_cv_type_size_t=yes
ac_cv_type_unsigned_long_long=yes
ac_cv_working_alloca_h=yes
acl_cv_path_LD=/opt/toolchains/uclibc-crosstools_gcc-3.4.2_uclibc-20050502//mips-linux-uclibc/bin/ld
acl_cv_prog_gnu_ld=yes
acl_cv_rpath=done
am_cv_CC_dependencies_compiler_type=gcc3
am_cv_func_iconv='no, consider installing GNU libiconv'
am_cv_langinfo_codeset=yes
am_cv_lib_iconv=no
am_cv_prog_cc_stdc=
am_cv_val_LC_MESSAGES=yes
gt_cv_func_gnugettext1_libc=no
gt_cv_func_gnugettext1_libintl=no
gt_cv_header_inttypes_h=yes
gt_cv_int_divbyzero_sigfpe='guessing no'
gt_cv_inttypes_pri_broken=no
jm_ac_cv_header_inttypes_h=yes
jm_ac_cv_header_stdint_h=yes
lt_cv_archive_cmds_need_lc=no
lt_cv_compiler_c_o=yes
lt_cv_compiler_o_lo=yes
lt_cv_deplibs_check_method='file_magic ELF [0-9][0-9]*-bit [LM]SB (shared object|dynamic lib )'
lt_cv_file_magic_cmd='$MAGIC_CMD'
lt_cv_file_magic_test_file='/lib/libc.so.6 /lib/libc-2.3.3.so'
lt_cv_global_symbol_to_c_name_address='sed -n -e '\''s/^: \([^ ]*\) $/  {\"\1\", (lt_ptr) 0},/p'\'' -e '\''s/^[BCDEGRST] \([^ ]*\) \([^ ]*\)$/  {"\2", (lt_ptr) \&\2},/p'\'''
lt_cv_global_symbol_to_cdecl='sed -n -e '\''s/^. .* \(.*\)$/extern char \1;/p'\'''
lt_cv_ld_reload_flag=-r
lt_cv_path_LD=/opt/toolchains/uclibc-crosstools_gcc-3.4.2_uclibc-20050502//mips-linux-uclibc/bin/ld
lt_cv_path_MAGIC_CMD=/usr/bin/file
lt_cv_path_NM=nm
lt_cv_prog_cc_can_build_shared=yes
lt_cv_prog_cc_no_builtin=
lt_cv_prog_cc_pic=' -fPIC'
lt_cv_prog_cc_pic_works=yes
lt_cv_prog_cc_shlib=
lt_cv_prog_cc_static=-static
lt_cv_prog_cc_static_works=yes
lt_cv_prog_cc_wl=-Wl,
lt_cv_prog_gnu_ld=yes
lt_cv_sys_global_symbol_pipe=
lt_cv_sys_path_separator=:
nls_cv_force_use_gnu_gettext=no
nls_cv_header_intl=
nls_cv_header_libgt=
nls_cv_use_gnu_gettext=yes

## ----------- ##
## confdefs.h. ##
## ----------- ##

#define PACKAGE_NAME ""
#define PACKAGE_TARNAME ""
#define PACKAGE_VERSION ""
#define PACKAGE_STRING ""
#define PACKAGE_BUGREPORT ""
#define PACKAGE "popt"
#define VERSION "1.7"
#define HAVE_SYS_TYPES_H 1
#define HAVE_SYS_STAT_H 1
#define HAVE_STDLIB_H 1
#define HAVE_STRING_H 1
#define HAVE_MEMORY_H 1
#define HAVE_STRINGS_H 1
#define HAVE_INTTYPES_H 1
#define HAVE_STDINT_H 1
#define HAVE_UNISTD_H 1
#define PROTOTYPES 1
#define STDC_HEADERS 1
#define HAVE_STRING_H 1
#define HAVE_DLFCN_H 1
#define HAVE_ALLOCA_H 1
#define HAVE_FLOAT_H 1
#define HAVE_UNISTD_H 1
#define HAVE_STRERROR 1
#define HAVE_GETUID 1
#define HAVE_GETEUID 1
#define HAVE_ALLOCA_H 1
#define HAVE_ALLOCA 1
#define HAVE_STDLIB_H 1
#define HAVE_UNISTD_H 1
#define HAVE_GETPAGESIZE 1
#define INTDIV0_RAISES_SIGFPE 0
#define HAVE_INTTYPES_H_WITH_UINTMAX 1
#define HAVE_STDINT_H_WITH_UINTMAX 1
#define HAVE_UNSIGNED_LONG_LONG 1
#define HAVE_INTTYPES_H 1
#define HAVE_LIMITS_H 1
#define HAVE_LOCALE_H 1
#define HAVE_NL_TYPES_H 1
#define HAVE_MALLOC_H 1
#define HAVE_STDDEF_H 1
#define HAVE_STDLIB_H 1
#define HAVE_STRING_H 1
#define HAVE_UNISTD_H 1
#define HAVE_SYS_PARAM_H 1
#define HAVE_FEOF_UNLOCKED 1
#define HAVE_FGETS_UNLOCKED 1
#define HAVE_GETC_UNLOCKED 1
#define HAVE_GETCWD 1
#define HAVE_GETEGID 1
#define HAVE_GETEUID 1
#define HAVE_GETGID 1
#define HAVE_GETUID 1
#define HAVE_MEMPCPY 1
#define HAVE_MUNMAP 1
#define HAVE_PUTENV 1
#define HAVE_SETENV 1
#define HAVE_SETLOCALE 1
#define HAVE_STPCPY 1
#define HAVE_STRCASECMP 1
#define HAVE_STRDUP 1
#define HAVE_STRTOUL 1
#define HAVE_TSEARCH 1
#define HAVE_LANGINFO_CODESET 1
#define HAVE_LC_MESSAGES 1
#define ENABLE_NLS 1
#define POPT_SOURCE_PATH "/home/xiwang/ccase/xiwang_dev30_1/CommEngine/userapps/opensource/oprofile/libpopt"

configure: exit 0
